============================= test session starts ==============================
platform linux -- Python 3.10.12, pytest-9.0.2, pluggy-1.6.0 -- /home/dev/projects/xlog/.venv/bin/python
cachedir: .pytest_cache
benchmark: 5.2.3 (defaults: timer=time.perf_counter disable_gc=False min_rounds=5 min_time=0.000005 max_time=1.0 calibration_precision=10 warmup=False warmup_iterations=100000)
rootdir: /home/dev/projects/xlog
configfile: pytest.ini
plugins: anyio-4.12.1, libtmux-0.53.0, asyncio-1.3.0, cov-7.0.0, timeout-2.4.0, benchmark-5.2.3, dotenv-0.5.2, langsmith-0.7.1
asyncio: mode=strict, debug=False, asyncio_default_fixture_loop_scope=None, asyncio_default_test_loop_scope=function
timeout: 1800.0s
timeout method: signal
timeout func_only: False
collecting ... collected 1 item

python/tests/test_ilp_ga_reliability.py::test_ga_reliability_50 GA reliability summary:
  runs: 200
  success: 200/200 (1.0000)
  clopper_pearson_95_lower: 0.981725
  stage=colleague: 50/50 (1.0000)
  stage=grandparent: 50/50 (1.0000)
  stage=plus2: 50/50 (1.0000)
  stage=reach: 50/50 (1.0000)
PASSED

======================== 1 passed in 1447.30s (0:24:07) ========================
1215.40user 238.26system 24:14.74elapsed 99%CPU (0avgtext+0avgdata 1493756maxresident)k
18936inputs+80outputs (203major+279539minor)pagefaults 0swaps
