=== HOST ===
name, memory.total [MiB], driver_version
NVIDIA RTX A4000, 16376 MiB, 550.144.03
Build cuda_12.4.r12.4/compiler.34097967_0
info: downloading installer
warn: It looks like you have an existing rustup settings file at:
warn: /root/.rustup/settings.toml
warn: Rustup will install the default toolchain as specified in the settings file,
warn: instead of the one inferred from the default host triple.
info: profile set to minimal
info: default host triple is x86_64-unknown-linux-gnu
info: syncing channel updates for stable-x86_64-unknown-linux-gnu
info: latest update on 2026-05-28 for version 1.96.0 (ac68faa20 2026-05-25)
info: downloading 3 components
info: default toolchain set to stable-x86_64-unknown-linux-gnu
rustc 1.96.0 (ac68faa20 2026-05-25)
source HEAD 13bd7702 (distinct-aware sizing)
=== BUILD ===
    Finished `release` profile [optimized] target(s) in 58.35s
  Executable tests/test_factorized_delta_e2e.rs (target/release/deps/test_factorized_delta_e2e-e72cf77de1e58438)
=== E2E (this host) ===

test result: ok. 9 passed; 0 failed; 3 ignored; 0 measured; 0 filtered out; finished in 4.47s

=== SPARSE single-step hub gate (peak with distinct sizing) ===
SPARSE gate hub: distinct_novel=262144 witnesses=16777216 | sparse 2.4 ms / 16.8 MiB ; legacy 126.5 ms / 836.8 MiB | peak 49.86x  wall-clock 0.019x  (gate: peak<1.0x at wall<=1.2x)
test result: ok. 1 passed; 0 failed; 0 ignored; 0 measured; 3 filtered out; finished in 0.61s
=== S4-SPARSE full-fixpoint bench (the parked gate) ===
1890 MHz, 46
test s4_bench_sparse_domain_blowup ... S4-sparse fixture: nodes=512 |E|=65536 stride=4096 expected|TC|=262144
S4-sparse rep 0: legacy 368.5 ms / 293.0 MiB ; factorized 58.5 ms / 20.0 MiB (dispatch=4)
S4-sparse rep 1: legacy 365.2 ms / 293.0 MiB ; factorized 59.1 ms / 20.0 MiB (dispatch=4)
S4-sparse rep 2: legacy 366.3 ms / 293.0 MiB ; factorized 58.6 ms / 20.0 MiB (dispatch=4)
S4-sparse bench: rows=262144 dispatch=4 | legacy 366.3 ms / 293.0 MiB ; factorized 58.6 ms / 20.0 MiB | peak 14.63x  wall-clock 0.160x  (gate: peak<1.0x at wall<=1.2x)
test result: ok. 1 passed; 0 failed; 0 ignored; 0 measured; 11 filtered out; finished in 2.08s
=== END ===
1890 MHz, 48
ALL_DONE
