=== HOST ===
name, memory.total [MiB], driver_version
NVIDIA RTX A4000, 16376 MiB, 580.126.20
Build cuda_12.4.r12.4/compiler.34097967_0
info: downloading installer
warn: It looks like you have an existing rustup settings file at:
warn: /root/.rustup/settings.toml
warn: Rustup will install the default toolchain as specified in the settings file,
warn: instead of the one inferred from the default host triple.
info: profile set to minimal
info: default host triple is x86_64-unknown-linux-gnu
info: syncing channel updates for stable-x86_64-unknown-linux-gnu
info: latest update on 2026-05-28 for version 1.96.0 (ac68faa20 2026-05-25)
info: downloading 3 components
info: default toolchain set to stable-x86_64-unknown-linux-gnu
rustc 1.96.0 (ac68faa20 2026-05-25)
source HEAD 0458a8c2
=== BUILD ===
    Finished `release` profile [optimized] target(s) in 1m 08s
  Executable tests/test_factorized_delta_e2e.rs (target/release/deps/test_factorized_delta_e2e-e72cf77de1e58438)
=== E2E (this host) ===

test result: ok. 9 passed; 0 failed; 3 ignored; 0 measured; 0 filtered out; finished in 6.26s

=== S4-SPARSE BENCH ===
1560 MHz, 51
test s4_bench_sparse_domain_blowup ... S4-sparse fixture: nodes=512 |E|=65536 stride=4096 expected|TC|=262144
S4-sparse rep 0: legacy 389.1 ms / 293.0 MiB ; factorized 131.2 ms / 420.5 MiB (dispatch=4)
S4-sparse rep 1: legacy 391.6 ms / 293.0 MiB ; factorized 132.2 ms / 420.5 MiB (dispatch=4)
S4-sparse rep 2: legacy 389.7 ms / 293.0 MiB ; factorized 131.2 ms / 420.5 MiB (dispatch=4)
S4-sparse bench: rows=262144 dispatch=4 | legacy 389.7 ms / 293.0 MiB ; factorized 131.2 ms / 420.5 MiB | peak 0.70x  wall-clock 0.337x  (gate: peak<1.0x at wall<=1.2x)
thread 's4_bench_sparse_domain_blowup' (4464) panicked at crates/xlog-integration/tests/test_factorized_delta_e2e.rs:742:5:
test result: FAILED. 0 passed; 1 failed; 0 ignored; 0 measured; 11 filtered out; finished in 2.67s
=== END ===
1920 MHz, 57
ALL_DONE
