=== HOST ===
name, memory.total [MiB], driver_version, clocks.current.sm [MHz], temperature.gpu
NVIDIA RTX A4000, 16376 MiB, 580.126.20, 210 MHz, 46
Build cuda_12.4.r12.4/compiler.34097967_0
info: downloading installer
warn: It looks like you have an existing rustup settings file at:
warn: /root/.rustup/settings.toml
warn: Rustup will install the default toolchain as specified in the settings file,
warn: instead of the one inferred from the default host triple.
info: profile set to minimal
info: default host triple is x86_64-unknown-linux-gnu
info: syncing channel updates for stable-x86_64-unknown-linux-gnu
info: latest update on 2026-05-28 for version 1.96.0 (ac68faa20 2026-05-25)
info: downloading 3 components
info: default toolchain set to stable-x86_64-unknown-linux-gnu
rustc 1.96.0 (ac68faa20 2026-05-25)
=== EXTRACT ===
source: feat/d3-sparse-domain HEAD 1ff552dc
=== BUILD ===
   Compiling xlog-cuda-tests v0.5.0 (/root/xlog/crates/xlog-cuda-tests)
    Finished `release` profile [optimized] target(s) in 1m 07s
  Executable tests/test_factorized_delta_sparse_spike.rs (target/release/deps/test_factorized_delta_sparse_spike-85d65755dc17fe9e)
=== PARITY (this host) ===
running 4 tests
test sparse_gate_hub_blowup ... ignored, S(sparse) gate — run on RunPod, never locally
test sparse_matches_dense_on_small_fixture ... ok
test sparse_novel_empty_and_saturated ... ok
test sparse_novel_step_matches_oracle_large_ids ... ok

test result: ok. 3 passed; 0 failed; 1 ignored; 0 measured; 0 filtered out; finished in 0.35s

=== SPARSE GATE: hub blowup ===
1560 MHz, 48, 5 %
sparse gate rep 0: sparse 7.1 ms / 418.8 MiB ; legacy 140.3 ms / 836.8 MiB
sparse gate rep 1: sparse 6.7 ms / 418.8 MiB ; legacy 122.5 ms / 836.8 MiB
sparse gate rep 2: sparse 6.6 ms / 418.8 MiB ; legacy 123.6 ms / 836.8 MiB
SPARSE gate hub: distinct_novel=262144 witnesses=16777216 | sparse 6.7 ms / 418.8 MiB ; legacy 123.6 ms / 836.8 MiB | peak 2.00x  wall-clock 0.054x  (gate: peak<1.0x at wall<=1.2x)
test result: ok. 1 passed; 0 failed; 0 ignored; 0 measured; 3 filtered out; finished in 0.74s
=== END ===
1920 MHz, 53
ALL_DONE
