=== HOST ===
name, memory.total [MiB], driver_version, clocks.current.sm [MHz], temperature.gpu
NVIDIA RTX A4000, 16376 MiB, 580.126.20, 210 MHz, 43
nproc=256 ram_gb=503
Build cuda_12.4.r12.4/compiler.34097967_0
rustc 1.96.0 (ac68faa20 2026-05-25)
=== EXTRACT ===
source: git archive of feat/d2-free-join HEAD 9270c738
=== BUILD ===
   Compiling xlog-cuda-tests v0.5.0 (/root/xlog/crates/xlog-cuda-tests)
    Finished `release` profile [optimized] target(s) in 1m 06s
  Executable tests/test_free_join_spike.rs (target/release/deps/test_free_join_spike-14c6bfbf1282b505)
=== PARITY (count-by-root, this host) ===

test result: ok. 1 passed; 0 failed; 0 ignored; 0 measured; 12 filtered out; finished in 0.27s

=== ISOLATED GATE RUN 1 ===
1065 MHz, 44, 0 %
test s2_measurement_count_fusion_gate ... S2 count-gate fixture: |r|=1000 |s|=10000 |t|=100000 |u|=2580
S2 count-fusion gate: binary+groupby median 62.482 ms, fused factorized count median 17.058 ms, speedup 3.66x [gate: >= 3x]
binary runs: [57.41636, 62.482256, 62.492277]
fused runs: [15.055772000000001, 17.057762, 17.119874]
test result: ok. 1 passed; 0 failed; 0 ignored; 0 measured; 12 filtered out; finished in 0.56s
=== ISOLATED GATE RUN 2 ===
1560 MHz, 47, 51 %
test s2_measurement_count_fusion_gate ... S2 count-gate fixture: |r|=1000 |s|=10000 |t|=100000 |u|=2580
S2 count-fusion gate: binary+groupby median 55.846 ms, fused factorized count median 15.129 ms, speedup 3.69x [gate: >= 3x]
binary runs: [55.767004, 55.845596, 55.852897]
fused runs: [15.096034, 15.128635, 15.177045999999999]
test result: ok. 1 passed; 0 failed; 0 ignored; 0 measured; 12 filtered out; finished in 0.52s
=== ISOLATED GATE RUN 3 ===
1905 MHz, 51, 91 %
test s2_measurement_count_fusion_gate ... S2 count-gate fixture: |r|=1000 |s|=10000 |t|=100000 |u|=2580
S2 count-fusion gate: binary+groupby median 55.811 ms, fused factorized count median 15.047 ms, speedup 3.71x [gate: >= 3x]
binary runs: [55.782905, 55.810895, 56.041303]
fused runs: [15.038781, 15.046712, 15.077503]
test result: ok. 1 passed; 0 failed; 0 ignored; 0 measured; 12 filtered out; finished in 0.51s
=== END STATE ===
1905 MHz, 51
ALL_DONE
