/home/dev/.local/lib/python3.10/site-packages/deepproblog/semiring/graph_semiring.py:77: UserWarning: Converting a tensor with requires_grad=True to a scalar may lead to unexpected behavior.
Consider using tensor.detach() first. (Triggered internally at /pytorch/torch/csrc/autograd/generated/python_variable_methods.cpp:836.)
  return -self.eps <= float(a) <= self.eps
Training  for 1 epoch(s)
Epoch 1
Iteration:  100 	s:36.7529 	Average Loss:  2.866724044084549
0.11108757398833405
Iteration:  200 	s:36.8131 	Average Loss:  2.8359429907798765
0.11389423120485845
Iteration:  300 	s:39.3947 	Average Loss:  2.836673115491867
0.11835197429159053
Iteration:  400 	s:38.6707 	Average Loss:  2.7552409595251084
0.11771960048449728
Iteration:  500 	s:39.2193 	Average Loss:  2.6785094651579855
0.13128703071047312
Iteration:  600 	s:38.0814 	Average Loss:  2.3183056127279995
0.13567815992641954
Iteration:  700 	s:37.3951 	Average Loss:  2.0286462523788216
0.16517809268621023
Traceback (most recent call last):
  File "/home/dev/projects/xlog/.worktrees/v0.4.0-alpha-integrated/examples/neural/baseline/deepproblog/MNIST/addition_noisy.py", line 43, in <module>
    train = train_model(model, queries, 1, log_iter=100)
  File "/home/dev/.local/lib/python3.10/site-packages/deepproblog/train.py", line 200, in train_model
    train_object.train(loader, stop_condition, **kwargs)
  File "/home/dev/.local/lib/python3.10/site-packages/deepproblog/train.py", line 128, in train
    loss = self.get_loss(batch, loss_function)
  File "/home/dev/.local/lib/python3.10/site-packages/deepproblog/train.py", line 48, in get_loss
    total_loss += backpropagate_loss(
  File "/home/dev/.local/lib/python3.10/site-packages/deepproblog/semiring/graph_semiring.py", line 127, in cross_entropy
    loss.backward(retain_graph=True)
  File "/home/dev/.local/lib/python3.10/site-packages/torch/_tensor.py", line 630, in backward
    torch.autograd.backward(
  File "/home/dev/.local/lib/python3.10/site-packages/torch/autograd/__init__.py", line 364, in backward
    _engine_run_backward(
  File "/home/dev/.local/lib/python3.10/site-packages/torch/autograd/graph.py", line 865, in _engine_run_backward
    return Variable._execution_engine.run_backward(  # Calls into the C++ engine to run the backward pass
KeyboardInterrupt
Command exited with non-zero status 124
ELAPSED 5:01.10 EXIT 124 MAXRSS_KB 893644
