   Compiling xlog-cuda v0.3.2 (/home/dev/projects/xlog/crates/xlog-cuda)
   Compiling xlog-stats v0.3.2 (/home/dev/projects/xlog/crates/xlog-stats)
   Compiling xlog-solve v0.3.2 (/home/dev/projects/xlog/crates/xlog-solve)
   Compiling xlog-runtime v0.3.2 (/home/dev/projects/xlog/crates/xlog-runtime)
   Compiling xlog-cuda-tests v0.2.0 (/home/dev/projects/xlog/crates/xlog-cuda-tests)
   Compiling xlog-logic v0.3.2 (/home/dev/projects/xlog/crates/xlog-logic)
   Compiling xlog-prob v0.3.2 (/home/dev/projects/xlog/crates/xlog-prob)
   Compiling xlog-gpu v0.3.2 (/home/dev/projects/xlog/crates/xlog-gpu)
   Compiling xlog-cli v0.3.2 (/home/dev/projects/xlog/crates/xlog-cli)
    Finished `release` profile [optimized] target(s) in 22.18s
     Running unittests src/main.rs (target/release/deps/xlog-58869e1bac76fba1)

running 0 tests

test result: ok. 0 passed; 0 failed; 0 ignored; 0 measured; 0 filtered out; finished in 0.00s

     Running tests/prob_cli_tests.rs (target/release/deps/prob_cli_tests-eceb87901548daeb)

running 0 tests

test result: ok. 0 passed; 0 failed; 0 ignored; 0 measured; 0 filtered out; finished in 0.00s

     Running tests/run_cli_tests.rs (target/release/deps/run_cli_tests-3343eef347dcd7ca)

running 1 test
test test_xlog_run_basic ... ok

test result: ok. 1 passed; 0 failed; 0 ignored; 0 measured; 0 filtered out; finished in 0.00s

     Running unittests src/lib.rs (target/release/deps/xlog_core-6357446164e27fe1)

running 23 tests
test config::tests::test_memory_budget_default ... ok
test error::tests::test_parse_error_display ... ok
test error::tests::test_resource_exhausted_display ... ok
test error::tests::test_stratification_cycle_display ... ok
test config::tests::test_memory_budget_from_device ... ok
test config::tests::test_runtime_config_default ... ok
test symbol::tests::test_clear ... ok
test traits::tests::test_mock_provider_compiles ... ok
test traits::tests::test_gpu_buffer_empty ... ok
test types::tests::test_scalar_type_code_roundtrip ... ok
test types::tests::test_scalar_type_size ... ok
test types::tests::test_arrow_type_roundtrip ... ok
test types::tests::test_schema_arity ... ok
test types::tests::test_schema_total_row_size ... ok
test symbol::tests::test_concurrent_intern ... ok
test symbol::tests::test_arrow_roundtrip ... ok
test symbol::tests::test_intern_idempotent ... ok
test symbol::tests::test_empty_string ... ok
test symbol::tests::test_resolve_roundtrip ... ok
test symbol::tests::test_intern_sequential ... ok
test symbol::tests::test_large_scale ... ok
test symbol::tests::test_resolve_invalid - should panic ... ok
test symbol::tests::test_unicode ... ok

test result: ok. 23 passed; 0 failed; 0 ignored; 0 measured; 0 filtered out; finished in 0.05s

     Running unittests src/lib.rs (target/release/deps/xlog_cuda-e38ac07b38487e9a)

running 63 tests
test device::tests::test_device_creation ... ok
test device::tests::test_device_inner_access ... ok
test memory::tests::test_cuda_buffer_empty ... ok
test memory::tests::test_cuda_buffer_schema ... ok
test memory::tests::test_cuda_buffer_from_columns_mismatch ... ok
test memory::tests::test_memory_manager_check_budget ... ok
test device::tests::test_invalid_device_ordinal ... ok
test provider::tests::test_abs_column_i64 ... ok
test provider::tests::test_add_columns_i64 ... ok
test provider::tests::test_cast_f64_to_i64 ... ok
test memory::tests::test_cuda_buffer_from_columns ... ok
test provider::tests::test_arithmetic_row_count_mismatch ... ok
test provider::tests::test_add_columns_f64 ... ok
test provider::tests::test_arithmetic_empty_buffers ... ok
test provider::tests::test_clone_buffer_preserves_device_count ... ok
test provider::tests::test_compact_device_mask_respects_mask_len_smaller_than_row_cap ... ok
test provider::tests::test_dedup_empty_input ... ok
test memory::tests::test_memory_manager_alloc ... ok
test provider::tests::test_dedup_larger_input ... ok
test provider::tests::test_diff_basic ... ok
test provider::tests::test_diff_all_removed ... ok
test provider::tests::test_cast_i64_to_i32 ... ok
test provider::tests::test_diff_schema_mismatch ... ok
test provider::tests::test_div_columns_i64 ... ok
test memory::tests::test_memory_manager_record_free ... ok
test memory::tests::test_memory_manager_creation ... ok
test provider::tests::test_groupby_empty_input ... ok
test provider::tests::test_groupby_multi_agg_sum_returns_u64_schema ... ok
test memory::tests::test_memory_manager_budget_exceeded ... ok
test provider::tests::test_cast_i64_to_f64 ... ok
test provider::tests::test_hash_join_empty_inputs ... ok
test provider::tests::test_hash_join_validation ... ok
test provider::tests::test_groupby_logsumexp ... ok
test provider::tests::test_join_custom_max_output ... ok
test provider::tests::test_kernel_provider_creation ... ok
test provider::tests::test_max_columns_i64 ... ok
test provider::tests::test_min_columns_i64 ... ok
test provider::tests::test_mod_columns_by_zero ... ok
test provider::tests::test_kernel_functions_accessible ... ok
test provider::tests::test_module_names_unique ... ok
test provider::tests::test_mod_columns_i64 ... ok
test provider::tests::test_abs_column_f64 ... ok
test provider::tests::test_div_columns_f64_by_zero ... ok
test device::tests::test_device_synchronize ... ok
test provider::tests::test_pow_columns ... ok
test provider::tests::test_pow_columns_fractional_exp ... ok
test provider::tests::test_module_resolution_finds_portable_ptx ... ok
test provider::tests::test_sub_columns_i64 ... ok
test provider::tests::test_union_schema_type_mismatch ... ok
test provider::tests::test_wrapping_arithmetic_overflow ... ok
test device::tests::test_device_ordinal ... ok
test memory::tests::test_memory_manager_multiple_allocs ... ok
test provider::tests::test_mul_columns_f64 ... ok
test provider::tests::test_min_max_columns_f64 ... ok
test provider::tests::test_groupby_validation ... ok
test provider::tests::test_dedup_with_duplicates ... ok
test provider::tests::test_mul_columns_i64 ... ok
test provider::tests::test_div_columns_by_zero ... ok
test provider::tests::test_union_empty_inputs ... ok
test provider::tests::test_combine_schemas ... ok
test provider::tests::test_groupby_result_schema ... ok
test provider::tests::test_dedup_validation ... ok
test provider::tests::test_diff_empty_inputs ... ok

test result: ok. 63 passed; 0 failed; 0 ignored; 0 measured; 0 filtered out; finished in 0.01s

     Running unittests src/bin/nvrtc_ptx.rs (target/release/deps/nvrtc_ptx-4658147af341370a)

running 0 tests

test result: ok. 0 passed; 0 failed; 0 ignored; 0 measured; 0 filtered out; finished in 0.00s

     Running tests/arrow_device_ffi.rs (target/release/deps/arrow_device_ffi-05c2462b3b1e726b)

running 4 tests
test test_arrow_device_export_no_dtoh ... ok
test test_arrow_device_export_schema_and_buffers ... ok
test test_arrow_device_export_bool_bitpacked ... ok
test test_arrow_device_export_symbol_metadata ... ok

test result: ok. 4 passed; 0 failed; 0 ignored; 0 measured; 0 filtered out; finished in 0.00s

     Running tests/arrow_device_import.rs (target/release/deps/arrow_device_import-64913577f61574df)

running 1 test
test arrow_device_import_feature_disabled ... ok

test result: ok. 1 passed; 0 failed; 0 ignored; 0 measured; 0 filtered out; finished in 0.00s

     Running tests/arrow_tests.rs (target/release/deps/arrow_tests-0cbdb01fef0b1e72)

running 7 tests
test test_arrow_roundtrip_all_types ... ok
test test_create_buffer_from_slices_row_count_validation ... ok
test test_import_from_arrow_record_batch ... ok
test test_arrow_ipc_stream_roundtrip ... ok
test test_export_to_arrow_record_batch ... ok
test test_arrow_ipc_stream_file_roundtrip ... ok
test test_export_bool_column_to_arrow ... ok

test result: ok. 7 passed; 0 failed; 0 ignored; 0 measured; 0 filtered out; finished in 0.00s

     Running tests/build_script_tests.rs (target/release/deps/build_script_tests-a2f65962bb632a3a)

running 1 test
test test_build_script_includes_circuit_and_mc_sample ... ok

test result: ok. 1 passed; 0 failed; 0 ignored; 0 measured; 0 filtered out; finished in 0.00s

     Running tests/compact_device_count.rs (target/release/deps/compact_device_count-12a070e47ddb3a12)

running 1 test
test test_compact_device_mask_sets_device_count ... ok

test result: ok. 1 passed; 0 failed; 0 ignored; 0 measured; 0 filtered out; finished in 0.00s

     Running tests/d4_provider_tests.rs (target/release/deps/d4_provider_tests-5e33e2db0032fe68)

running 1 test
test test_provider_loads_d4_module_entrypoints ... ok

test result: ok. 1 passed; 0 failed; 0 ignored; 0 measured; 0 filtered out; finished in 0.00s

     Running tests/device_row_counts.rs (target/release/deps/device_row_counts-8d44c1621d1126d3)

running 2 tests
test test_device_row_count_tracks_host_count ... ok
test test_union_gpu_dedups_rows ... ok

test result: ok. 2 passed; 0 failed; 0 ignored; 0 measured; 0 filtered out; finished in 0.00s

     Running tests/dlpack_tests.rs (target/release/deps/dlpack_tests-24887cfb3c83b81b)

running 2 tests
test test_export_u32_column_to_dlpack ... ok
test test_roundtrip_import_u32_column_from_dlpack_zero_copy ... ok

test result: ok. 2 passed; 0 failed; 0 ignored; 0 measured; 0 filtered out; finished in 0.00s

     Running tests/filter_tests.rs (target/release/deps/filter_tests-321338370a6211f0)

running 13 tests
test test_filter_by_mask ... ok
test test_filter_f64_all_ops ... ok
test test_filter_i32_u64_f32_bool_and_column_column_compare ... ok
test test_filter_f64_type_validation ... ok
test test_filter_u32_eq ... ok
test test_filter_u32_large ... ok
test test_filter_f64_lt ... ok
test test_filter_f64_gt ... ok
test test_filter_u32_all_ops ... ok
test test_filter_u32_gt ... ok
test test_filter_no_matches ... ok
test test_filter_f64_no_matches ... ok
test test_filter_f64_eq ... ok

test result: ok. 13 passed; 0 failed; 0 ignored; 0 measured; 0 filtered out; finished in 0.00s

     Running tests/groupby_gpu.rs (target/release/deps/groupby_gpu-926e7917254ec1cd)

running 1 test
test test_groupby_agg_gpu_multi_key ... ok

test result: ok. 1 passed; 0 failed; 0 ignored; 0 measured; 0 filtered out; finished in 0.00s

     Running tests/groupby_tests.rs (target/release/deps/groupby_tests-6c48482087fb523f)

running 12 tests
test test_groupby_count ... ok
test test_groupby_logsumexp_mixed_positive_negative ... ok
test test_groupby_multi_key_device_keys ... ok
test test_groupby_min_max ... ok
test test_groupby_many_groups ... ok
test test_groupby_sum ... ok
test test_groupby_logsumexp_single_element_groups ... ok
test test_groupby_unsorted_input ... ok
test test_groupby_multi_agg ... ok
test test_groupby_logsumexp_infinity ... ok
test test_groupby_single_group ... ok
test test_groupby_empty_input ... ok

test result: ok. 12 passed; 0 failed; 0 ignored; 0 measured; 0 filtered out; finished in 0.00s

     Running tests/ilp_kernel_tests.rs (target/release/deps/ilp_kernel_tests-1c42613f2d62f768)

running 5 tests
test test_extract_nonzero_3x3x3_single_active ... ok
test test_extract_nonzero_empty_mask ... ok
test test_ilp_module_loads ... ok
test test_extract_nonzero_budget_cap_top_priority ... ok
test test_extract_nonzero_multiple_active ... ok

test result: ok. 5 passed; 0 failed; 0 ignored; 0 measured; 0 filtered out; finished in 0.00s

     Running tests/join_collision_test.rs (target/release/deps/join_collision_test-d47fa6e2e3041873)

running 5 tests
test test_anti_join_verifies_keys ... ok
test test_join_verifies_keys_not_just_hash ... ok
test test_semi_join_verifies_keys ... ok
test test_join_matches_equal_keys ... ok
test test_join_verifies_multi_column_keys ... ok

test result: ok. 5 passed; 0 failed; 0 ignored; 0 measured; 0 filtered out; finished in 0.00s

     Running tests/join_v2_tests.rs (target/release/deps/join_v2_tests-a836d8574db22be5)

running 10 tests
test test_anti_join ... ok
test test_inner_join_with_duplicates ... ok
test test_join_no_matches ... ok
test test_left_outer_all_unmatched ... ok
test test_left_outer_join ... ok
test test_multi_column_join ... ok
test test_semi_join ... ok
test test_semi_join_preserves_left_columns ... ok
test test_hash_join_v2_single_key ... ok
test test_left_outer_empty_right ... ok

test result: ok. 10 passed; 0 failed; 0 ignored; 0 measured; 0 filtered out; finished in 0.00s

     Running tests/large_prefix_sum_test.rs (target/release/deps/large_prefix_sum_test-bff3334a85737adb)

running 5 tests
test test_prefix_sum_10000_elements ... ok
test test_prefix_sum_1000_elements ... ok
test test_prefix_sum_exact_block_boundary ... ok
test test_prefix_sum_all_ones_large ... ok
test test_prefix_sum_257_elements ... ok

test result: ok. 5 passed; 0 failed; 0 ignored; 0 measured; 0 filtered out; finished in 0.00s

     Running tests/multi_gpu_tests.rs (target/release/deps/multi_gpu_tests-0cf66e93d9ae96ab)

running 4 tests
test test_device_pool_zero_devices_error ... ok
test test_device_pool_creation ... ok
test test_device_pool_round_robin ... ok
test test_multi_gpu_memory_manager ... ok

test result: ok. 4 passed; 0 failed; 0 ignored; 0 measured; 0 filtered out; finished in 0.00s

     Running tests/pack_keys_gpu.rs (target/release/deps/pack_keys_gpu-351dca54031976ab)

running 1 test
test test_pack_keys_gpu_generic_no_dtoh ... ok

test result: ok. 1 passed; 0 failed; 0 ignored; 0 measured; 0 filtered out; finished in 0.00s

     Running tests/pir_provider_tests.rs (target/release/deps/pir_provider_tests-46b6f3784bd0fc93)

running 1 test
test test_provider_loads_pir_module_entrypoints ... ok

test result: ok. 1 passed; 0 failed; 0 ignored; 0 measured; 0 filtered out; finished in 0.00s

     Running tests/ptx_validation.rs (target/release/deps/ptx_validation-6bf6b2032c9d8482)

running 5 tests
test validate_all_ptx_files_load_and_resolve_all_entry_points ... ok
test validate_kernel_build_flags_suppress_deprecated_gpu_targets ... ok
test validate_arith_ptx_contains_expected_kernels ... ok
test validate_neural_ptx_contains_expected_kernels ... ok
test validate_d4_ptx_contains_expected_kernels ... ok

test result: ok. 5 passed; 0 failed; 0 ignored; 0 measured; 0 filtered out; finished in 0.00s

     Running tests/scan_tests.rs (target/release/deps/scan_tests-55aebc51c1c44b41)

running 5 tests
test test_prefix_sum_mask_all_ones ... ok
test test_prefix_sum_mask_empty ... ok
test test_prefix_sum_mask_max_size ... ok
test test_prefix_sum_mask_simple ... ok
test test_prefix_sum_mask_over_256 ... ok

test result: ok. 5 passed; 0 failed; 0 ignored; 0 measured; 0 filtered out; finished in 0.00s

     Running tests/set_ops_tests.rs (target/release/deps/set_ops_tests-f0734a3ab28f7f7f)

running 34 tests
test test_diff_f64 ... ok
test test_compact_buffer_by_device_mask_counted_empty_result_has_zero_device_rows ... ok
test test_diff_gpu_complete_overlap ... ok
test test_diff_f64_no_overlap ... ok
test test_diff_gpu_b_superset ... ok
test test_diff_gpu_empty_b ... ok
test test_diff_gpu_zero_arity ... ok
test test_diff_gpu_no_overlap ... ok
test test_diff_gpu_basic ... ok
test test_union_gpu_both_empty ... ok
test test_union_f64_with_duplicates ... ok
test test_diff_u64_empty_b ... ok
test test_diff_u64_no_overlap ... ok
test test_diff_gpu_with_duplicates ... ok
test test_diff_u64 ... ok
test test_union_gpu_uses_device_row_count ... ok
test test_union_gpu_with_duplicates_in_input ... ok
test test_union_gpu_zero_arity ... ok
test test_union_u64 ... ok
test test_diff_i64_no_overlap ... ok
test test_union_u64_empty_a ... ok
test test_union_i64_with_duplicates ... ok
test test_diff_i64 ... ok
test test_diff_gpu_empty_a ... ok
test test_union_f64 ... ok
test test_union_u64_with_duplicates ... ok
test test_union_i64 ... ok
test test_union_gpu_basic ... ok
test test_union_gpu_complete_overlap ... ok
test test_diff_gpu_unsorted_inputs ... ok
test test_union_gpu_no_overlap ... ok
test test_union_gpu_empty_a ... ok
test test_union_gpu_empty_b ... ok
test test_diff_u64_complete_overlap ... ok

test result: ok. 34 passed; 0 failed; 0 ignored; 0 measured; 0 filtered out; finished in 0.01s

     Running tests/sort_tests.rs (target/release/deps/sort_tests-efd30f401c5c15e5)

running 7 tests
test test_sort_already_sorted ... ok
test test_sort_duplicates ... ok
test test_sort_empty ... ok
test test_sort_respects_device_row_count_after_filter ... ok
test test_sort_preserves_other_columns ... ok
test test_sort_single_column ... ok
test test_sort_reverse ... ok

test result: ok. 7 passed; 0 failed; 0 ignored; 0 measured; 0 filtered out; finished in 0.00s

     Running tests/test_d2h_counter.rs (target/release/deps/test_d2h_counter-1ef7a5de15261a86)

running 3 tests
test d2h_counter_resets ... ok
test d2h_counter_increments_on_download ... ok
test d2h_counter_starts_at_zero ... ok

test result: ok. 3 passed; 0 failed; 0 ignored; 0 measured; 0 filtered out; finished in 0.00s

     Running tests/test_membership_mask.rs (target/release/deps/test_membership_mask-0ad31e9a5c17db41)

running 5 tests
test membership_mask_basic ... ok
test membership_mask_all_match ... ok
test membership_mask_empty_relation ... ok
test membership_mask_projected_keys ... ok
test membership_mask_none_match ... ok

test result: ok. 5 passed; 0 failed; 0 ignored; 0 measured; 0 filtered out; finished in 0.00s

     Running tests/tracked_slice_into_bytes.rs (target/release/deps/tracked_slice_into_bytes-edf92f7fbd76062a)

running 1 test
test tracked_slice_into_bytes_preserves_device_pointer_and_length ... ok

test result: ok. 1 passed; 0 failed; 0 ignored; 0 measured; 0 filtered out; finished in 0.00s

     Running tests/type_coverage_tests.rs (target/release/deps/type_coverage_tests-2fc84f1038ade814)

running 27 tests
test test_arith_u32_i32_u64_f32 ... ok
test test_diff_u32_no_overlap ... ok
test test_filter_f32_by_mask ... ok
test test_filter_f64_by_mask ... ok
test test_diff_u32 ... ok
test test_filter_i32_by_mask ... ok
test test_filter_multi_column_mixed_types ... ok
test test_buffer_operations_with_groupby ... ok
test test_filter_select_none ... ok
test test_join_u32_keys_inner ... ok
test test_sort_u32_with_duplicates ... ok
test test_union_u32 ... ok
test test_union_u32_no_overlap ... ok
test test_join_u32_keys_semi ... ok
test test_groupby_sum_u32 ... ok
test test_groupby_empty_input ... ok
test test_sort_u32_keys ... ok
test test_operations_empty_buffer ... ok
test test_large_union ... ok
test test_single_element_buffer ... ok
test test_moderate_diff ... ok
test test_join_u32_keys_anti ... ok
test test_filter_i64_by_mask ... ok
test test_groupby_min_max_u32 ... ok
test test_sort_operation ... ok
test test_groupby_count_u32 ... ok
test test_filter_select_all ... ok

test result: ok. 27 passed; 0 failed; 0 ignored; 0 measured; 0 filtered out; finished in 0.00s

     Running unittests examples/comprehensive_test.rs (target/release/examples/comprehensive_test-0764e29b5bcb0b3f)

running 0 tests

test result: ok. 0 passed; 0 failed; 0 ignored; 0 measured; 0 filtered out; finished in 0.00s

     Running unittests src/lib.rs (target/release/deps/xlog_cuda_tests-caf697f9eab5cad3)

running 69 tests
test categories::g01_circuit_forward::tests::test_g01_forward_decision_basic ... ok
test categories::g01_circuit_forward::tests::test_g01_forward_lit_nodes ... ok
test categories::g01_circuit_forward::tests::test_g01_forward_and_node ... ok
test categories::g01_circuit_forward::tests::test_g01_forward_multi_level ... ok
test categories::g01_circuit_forward::tests::test_g01_forward_parallel_same_level ... ok
test categories::g02_circuit_backward::tests::test_g02_backward_and_propagate ... ok
test categories::g02_circuit_backward::tests::test_g02_backward_decision_grad ... ok
test categories::g02_circuit_backward::tests::test_g02_backward_decision_propagate ... ok
test categories::g02_circuit_backward::tests::test_g02_backward_log_space_accuracy ... ok
test categories::g01_circuit_forward::tests::test_g01_forward_const_nodes ... ok
test categories::g02_circuit_backward::tests::test_g02_backward_vs_numerical_diff ... ok
test categories::g02_circuit_backward::tests::test_g02_backward_gradient_accumulation ... ok
test categories::g03_weight_injection::tests::test_g03_weight_uniform_distribution ... ok
test categories::g04_transfer_efficiency::tests::test_g04_repeated_eval_no_reupload ... ok
test categories::g02_circuit_backward::tests::test_g02_backward_lit_grad ... ok
test categories::g04_transfer_efficiency::tests::test_g04_transfer_circuit_cached ... ok
test categories::g02_circuit_backward::tests::test_g02_backward_negative_lit_grad ... ok
test categories::g02_circuit_backward::tests::test_g02_backward_or_propagate ... ok
test categories::g04_transfer_efficiency::tests::test_g04_transfer_gradient_size ... ok
test categories::g04_transfer_efficiency::tests::test_g04_transfer_weight_size ... ok
test categories::g03_weight_injection::tests::test_g03_weight_extreme_values ... ok
test categories::g03_weight_injection::tests::test_g03_weight_buffer_reuse ... ok
test categories::g03_weight_injection::tests::test_g03_weight_sparse_nonzero ... ok
test categories::g03_weight_injection::tests::test_g03_weight_upload_integrity ... ok
test categories::g05_circuit_cache::tests::test_g05_cache_hit_speedup ... ok
test categories::g04_transfer_efficiency::tests::test_g04_batch_weights_efficiency ... ok
test categories::g03_weight_injection::tests::test_g03_weight_variable_mapping ... ok
test categories::g06_ptx_robustness::tests::test_g06_kernel_determinism ... ok
test categories::g02_circuit_backward::tests::test_g02_backward_chain_rule ... ok
test categories::g06_ptx_robustness::tests::test_g06_kernel_log_underflow ... ok
test categories::g04_transfer_efficiency::tests::test_g04_transfer_compute_ratio_large ... ok
test categories::g04_transfer_efficiency::tests::test_g04_transfer_dominance_check ... ok
test categories::g02_circuit_backward::tests::test_g02_backward_root_adjoint ... ok
test categories::g01_circuit_forward::tests::test_g01_forward_or_node ... ok
test categories::g05_circuit_cache::tests::test_g05_cache_correctness ... ok
test categories::g06_ptx_robustness::tests::test_g06_kernel_single_level ... ok
test harness::provider::tests::test_gpu_test_lock_file_is_exclusive ... ok
test categories::g05_circuit_cache::tests::test_g05_cache_distinct_results ... ok
test categories::g01_circuit_forward::tests::test_g01_forward_decision_chain ... ok
test categories::g05_circuit_cache::tests::test_g05_cache_key_same_structure ... ok
test properties::tests::test_filter_idempotence_single_element ... ok
test properties::tests::test_join_correctness_single_match ... ok
test properties::tests::test_prop_dedup_determinism_all_same ... ok
test categories::g05_circuit_cache::tests::test_g05_cache_hit_reuse ... ok
test properties::tests::test_dedup_determinism_single_element ... ok
test categories::g06_ptx_robustness::tests::test_g06_kernel_deep_circuit ... ok
test categories::g02_circuit_backward::tests::test_g02_backward_gradient_stability ... ok
test properties::tests::test_join_correctness_empty_tables ... ok
test categories::g06_ptx_robustness::tests::test_g06_kernel_large_circuit ... ok
test categories::g04_transfer_efficiency::tests::test_g04_transfer_compute_ratio_small ... ok
test categories::g06_ptx_robustness::tests::test_g06_kernel_logsumexp_stability ... ok
test properties::tests::test_prop_dedup_determinism_all_unique ... ok
test categories::g05_circuit_cache::tests::test_g05_cache_different_circuits ... ok
test properties::tests::test_sort_stability_single_element ... ok
test categories::g06_ptx_robustness::tests::test_g06_kernel_many_literals ... ok
test categories::g06_ptx_robustness::tests::test_g06_kernel_max_variables ... ok
test categories::g06_ptx_robustness::tests::test_g06_kernel_single_node ... ok
test categories::g06_ptx_robustness::tests::test_g06_kernel_sparse_variables ... ok
test properties::tests::test_prop_filter_idempotence_all_pass ... ok
test properties::tests::test_prop_join_correctness_no_overlap ... ok
test properties::tests::test_sort_stability_all_equal_keys ... ok
test properties::tests::test_prop_filter_idempotence ... ok
test properties::tests::test_prop_filter_idempotence_none_pass ... ok
test properties::tests::test_prop_sort_stability ... ok
test properties::tests::test_prop_dedup_determinism ... ok
test properties::tests::test_prop_sort_stability_high_duplicates ... ok
test properties::tests::test_prop_join_correctness ... ok
test properties::tests::test_prop_join_correctness_high_overlap ... ok
test properties::tests::test_prop_sort_stability_large ... ok

test result: ok. 69 passed; 0 failed; 0 ignored; 0 measured; 0 filtered out; finished in 0.07s

     Running tests/category_isolation.rs (target/release/deps/category_isolation-04cc7944c52caa2b)

running 24 tests
test c02_launch_config ... ok
test c05_global_memory ... ok
test c09_warp_level ... ok
test c07_local_memory ... ok
test c03_pointer_bounds ... ok
test c13_floating_point ... ok
test c14_integer ... ok
test c15_determinism ... ok
test c01_toolchain ... ok
test c20_multi_gpu ... ok
test c22_algorithms ... ok
test c12_atomics ... ok
test c24_edge_matrix ... ok
test c10_block_grid ... ok
test c17_caching ... ok
test c06_shared_memory ... ok
test c16_async_pipeline ... ok
test c18_host_device ... ok
test c19_multi_stream ... ok
test c11_control_flow ... ok
test c21_hardware ... ok
test c04_address_space ... ok
test c23_blind_spots ... ok
test c08_synchronization ... ok

test result: ok. 24 passed; 0 failed; 0 ignored; 0 measured; 0 filtered out; finished in 0.01s

     Running tests/certification_suite.rs (target/release/deps/certification_suite-7377281543c6b159)

running 1 test
test run_full_certification ... ok

test result: ok. 1 passed; 0 failed; 0 ignored; 0 measured; 0 filtered out; finished in 0.00s

     Running tests/properties.rs (target/release/deps/properties-decb1d66095ac741)

running 7 tests
test integration_dedup_determinism ... ok
test stress_dedup_determinism_large ... ok
test integration_filter_idempotence ... ok
test integration_join_correctness ... ok
test integration_sort_stability ... ok
test stress_join_correctness_large ... ok
test stress_sort_stability_large ... ok

test result: ok. 7 passed; 0 failed; 0 ignored; 0 measured; 0 filtered out; finished in 0.00s

     Running tests/quick_smoke.rs (target/release/deps/quick_smoke-1a0d66a74a421a17)

running 1 test
test run_quick_smoke ... ok

test result: ok. 1 passed; 0 failed; 0 ignored; 0 measured; 0 filtered out; finished in 0.00s

     Running unittests src/lib.rs (target/release/deps/xlog_gpu-f12093d02af58354)

running 0 tests

test result: ok. 0 passed; 0 failed; 0 ignored; 0 measured; 0 filtered out; finished in 0.00s

     Running tests/logic_runner.rs (target/release/deps/logic_runner-b74afdaa07b9181e)

running 1 test
test test_logic_program_runs_with_gpu_inputs ... ok

test result: ok. 1 passed; 0 failed; 0 ignored; 0 measured; 0 filtered out; finished in 0.00s

     Running tests/v032_gpu_certification.rs (target/release/deps/v032_gpu_certification-a83542f6883daca2)

running 10 tests
test test_gpu_module_qualified_predicates ... ok
test test_gpu_private_predicate_isolation ... ok
test test_gpu_udf_arithmetic ... ok
test test_gpu_udf_multi_param ... ok
test test_gpu_symbol_column_roundtrip ... ok
test test_gpu_udf_nested ... ok
test test_gpu_symbol_dedup ... ok
test test_gpu_symbols_with_udf ... ok
test test_gpu_symbol_join ... ok
test test_gpu_v032_full_integration ... ok

test result: ok. 10 passed; 0 failed; 0 ignored; 0 measured; 0 filtered out; finished in 0.00s

     Running benches/logic_bench.rs (target/release/deps/logic_bench-7248e2a6d566fa0b)
Gnuplot not found, using plotters backend

thread 'main' (27726) panicked at /home/dev/.cargo/registry/src/index.crates.io-1949cf8c6b5b557f/cudarc-0.12.1/src/lib.rs:98:5:
Unable to dynamically load the "cuda" shared library - searched for library names: ["cuda", "nvcuda"]. Ensure that `LD_LIBRARY_PATH` has the correct path to the installed library. If the shared library is present on the system under a different name than one of those listed above, please open a GitHub issue.
note: run with `RUST_BACKTRACE=1` environment variable to display a backtrace
Skipping bench_transitive_closure_chain: No CUDA device

thread 'main' (27726) panicked at /home/dev/.cargo/registry/src/index.crates.io-1949cf8c6b5b557f/cudarc-0.12.1/src/lib.rs:98:5:
Unable to dynamically load the "cuda" shared library - searched for library names: ["cuda", "nvcuda"]. Ensure that `LD_LIBRARY_PATH` has the correct path to the installed library. If the shared library is present on the system under a different name than one of those listed above, please open a GitHub issue.
Skipping bench_transitive_closure_random: No CUDA device

thread 'main' (27726) panicked at /home/dev/.cargo/registry/src/index.crates.io-1949cf8c6b5b557f/cudarc-0.12.1/src/lib.rs:98:5:
Unable to dynamically load the "cuda" shared library - searched for library names: ["cuda", "nvcuda"]. Ensure that `LD_LIBRARY_PATH` has the correct path to the installed library. If the shared library is present on the system under a different name than one of those listed above, please open a GitHub issue.
Skipping bench_transitive_closure_dense: No CUDA device

thread 'main' (27726) panicked at /home/dev/.cargo/registry/src/index.crates.io-1949cf8c6b5b557f/cudarc-0.12.1/src/lib.rs:98:5:
Unable to dynamically load the "cuda" shared library - searched for library names: ["cuda", "nvcuda"]. Ensure that `LD_LIBRARY_PATH` has the correct path to the installed library. If the shared library is present on the system under a different name than one of those listed above, please open a GitHub issue.
Skipping bench_hash_join_throughput: No CUDA device

thread 'main' (27726) panicked at /home/dev/.cargo/registry/src/index.crates.io-1949cf8c6b5b557f/cudarc-0.12.1/src/lib.rs:98:5:
Unable to dynamically load the "cuda" shared library - searched for library names: ["cuda", "nvcuda"]. Ensure that `LD_LIBRARY_PATH` has the correct path to the installed library. If the shared library is present on the system under a different name than one of those listed above, please open a GitHub issue.
Skipping bench_hash_join_selectivity: No CUDA device

thread 'main' (27726) panicked at /home/dev/.cargo/registry/src/index.crates.io-1949cf8c6b5b557f/cudarc-0.12.1/src/lib.rs:98:5:
Unable to dynamically load the "cuda" shared library - searched for library names: ["cuda", "nvcuda"]. Ensure that `LD_LIBRARY_PATH` has the correct path to the installed library. If the shared library is present on the system under a different name than one of those listed above, please open a GitHub issue.
Skipping bench_multiway_join: No CUDA device

thread 'main' (27726) panicked at /home/dev/.cargo/registry/src/index.crates.io-1949cf8c6b5b557f/cudarc-0.12.1/src/lib.rs:98:5:
Unable to dynamically load the "cuda" shared library - searched for library names: ["cuda", "nvcuda"]. Ensure that `LD_LIBRARY_PATH` has the correct path to the installed library. If the shared library is present on the system under a different name than one of those listed above, please open a GitHub issue.
Skipping bench_aggregation: No CUDA device
     Running unittests src/lib.rs (target/release/deps/xlog_ir-e1688de675b3438c)

running 14 tests
test metadata::tests::test_layout_hint_default ... ok
test metadata::tests::test_meta_with_rows ... ok
test metadata::tests::test_rir_meta_default ... ok
test metadata::tests::test_skew_signature ... ok
test plan::tests::test_plan_builder ... ok
test plan::tests::test_has_recursion ... ok
test plan::tests::test_scc_ordering ... ok
test plan::tests::test_stratum_assignment ... ok
test rir::tests::test_expr_arithmetic ... ok
test rir::tests::test_anti_join ... ok
test rir::tests::test_join_node ... ok
test rir::tests::test_project_expr_computed ... ok
test rir::tests::test_scan_node ... ok
test rir::tests::test_fixpoint_node ... ok

test result: ok. 14 passed; 0 failed; 0 ignored; 0 measured; 0 filtered out; finished in 0.00s

     Running unittests src/lib.rs (target/release/deps/xlog_logic-a45209f3de6f5488)

running 162 tests
test ast::tests::test_arith_expr_structure ... ok
test ast::tests::test_is_expr_structure ... ok
test ast::tests::test_atom_variables ... ok
test ast::tests::test_program_facts ... ok
test ast::tests::test_atom_arity ... ok
test ast::tests::test_rule_has_negation ... ok
test ast::tests::test_rule_is_fact ... ok
test ast::tests::test_term_constant ... ok
test ast::tests::test_term_variable ... ok
test compile::tests::test_compile_fact ... ok
test compile::tests::test_compile_convenience_function ... ok
test compile::tests::test_compile_unstratifiable_fails ... ok
test compile::tests::test_compile_transitive_closure ... ok
test compile::tests::test_compile_multi_stratum ... ok
test compile::tests::test_compile_with_comparison ... ok
test compile::tests::test_compile_aggregation ... ok
test compile::tests::test_compile_simple_rule ... ok
test compile::tests::test_compiler_reset ... ok
test compile::tests::test_schema_infers_from_rule_body_types ... ok
test expand::tests::test_expansion_with_variable_args ... ok
test compile::tests::test_compile_with_named_stats_snapshot_reorders_joins ... ok
test expand::tests::test_is_predicate_func ... ok
test expand::tests::test_max_recursion_depth ... ok
test expand::tests::test_builtin_function_passthrough ... ok
test compile::tests::test_compile_with_pred_decl ... ok
test compile::tests::test_compile_with_negation ... ok
test expand::tests::test_nested_expansion ... ok
test compile::tests::test_compile_with_stats_snapshot ... ok
test expand::tests::test_predicate_func_expansion ... ok
test compile::tests::test_compile_syntax_error_fails ... ok
test expand::tests::test_undefined_function ... ok
test compile::tests::test_compiler_new ... ok
test expand::tests::test_predicate_func_with_constant_arg ... ok
test expand::tests::test_variable_substitution ... ok
test function::tests::test_builtin_function_allowed ... ok
test expand::tests::test_predicate_func_multiple_body_literals ... ok
test function::tests::test_analyze_recursive_with_proper_convergence ... ok
test function::tests::test_contains_function ... ok
test function::tests::test_duplicate_error ... ok
test function::tests::test_functions_iterator ... ok
test function::tests::test_get_function ... ok
test function::tests::test_analyze_non_recursive ... ok
test function::tests::test_indirect_recursion ... ok
test function::tests::test_recursion_warning_display ... ok
test function::tests::test_recursive_detection ... ok
test function::tests::test_register_function ... ok
test function::tests::test_analyze_recursive_with_divergence ... ok
test function::tests::test_type_error_display ... ok
test function::tests::test_validate_with_warnings ... ok
test function::tests::test_undefined_function_error ... ok
test lower::arith_type_tests::test_arith_type_inference_mismatch ... ok
test lower::arith_type_tests::test_arith_type_inference_same_type ... ok
test lower::tests::test_get_or_create_rel_id ... ok
test lower::tests::test_lower_constant_filter ... ok
test lower::tests::test_infer_term_type ... ok
test lower::tests::test_lower_join_rule ... ok
test lower::tests::test_lower_negation ... ok
test lower::tests::test_lower_simple_rule ... ok
test lower::tests::test_lower_repeated_variable_filter ... ok
test lower::tests::test_join_order_prefers_smaller_relation ... ok
test lower::tests::test_lower_program_simple ... ok
test lower::tests::test_infer_schemas_from_facts ... ok
test lower::tests::test_variable_env ... ok
test lower::tests::test_lower_comparison ... ok
test lower::tests::test_variable_env_bind_updates_total_cols ... ok
test expand::tests::test_simple_expansion ... ok
test module::tests::test_internal_name ... ok
test lower::tests::test_convert_agg_op ... ok
test module::tests::test_loaded_module_new ... ok
test lower::tests::test_lowerer_new ... ok
test module::tests::test_module_path_to_string ... ok
test module::tests::test_module_error_display ... ok
test module::tests::test_parse_internal_name ... ok
test lower::tests::test_lower_chained_is_expressions ... ok
test lower::tests::test_u64_comparison_type_from_pred_decl ... ok
test lower::tests::test_u64_comparison_with_aggregation ... ok
test optimizer::tests::test_estimate_union_cost ... ok
test optimizer::tests::test_flatten_and ... ok
test optimizer::tests::test_join_type_anti ... ok
test optimizer::tests::test_collect_columns ... ok
test optimizer::tests::test_conjoin_multiple ... ok
test optimizer::tests::test_conjoin_single ... ok
test optimizer::tests::test_estimate_diff_cost ... ok
test optimizer::tests::test_estimate_distinct_cost ... ok
test optimizer::tests::test_estimate_filter_cost ... ok
test optimizer::tests::test_estimate_fixpoint_cost ... ok
test optimizer::tests::test_estimate_join_cost ... ok
test optimizer::tests::test_estimate_groupby_cost ... ok
test optimizer::tests::test_estimate_join_cost_with_selectivity ... ok
test optimizer::tests::test_estimate_scan_cost ... ok
test optimizer::tests::test_estimate_scan_cost_unknown_relation ... ok
test optimizer::tests::test_join_type_semi ... ok
test optimizer::tests::test_optimizer_config_default ... ok
test optimizer::tests::test_optimizer_new ... ok
test optimizer::tests::test_predicate_pushdown_filter_on_scan ... ok
test optimizer::tests::test_plan_cost_then ... ok
test optimizer::tests::test_optimizer_with_config ... ok
test optimizer::tests::test_plan_cost_total ... ok
test optimizer::tests::test_predicate_pushdown_into_join ... ok
test optimizer::tests::test_predicate_pushdown_merges_filters ... ok
test optimizer::tests::test_predicate_pushdown_simple_scan ... ok
test optimizer::tests::test_predicate_pushdown_through_project ... ok
test optimizer::tests::test_predicate_selectivity_not ... ok
test optimizer::tests::test_predicate_selectivity_equality ... ok
test optimizer::tests::test_pushdown_disabled ... ok
test optimizer::tests::test_recommend_indexes ... ok
test optimizer::tests::test_predicate_selectivity_and ... ok
test optimizer::tests::test_should_use_greedy ... ok
test optimizer::tests::test_predicate_pushdown_with_schemas ... ok
test parser::tests::test_parse_anonymous_wildcard ... ok
test parser::tests::test_parse_annotated_disjunction_syntax ... ok
test parser::tests::test_parse_aggregate ... ok
test parser::tests::test_parse_arithmetic_builtins ... ok
test parser::tests::test_parse_comparison ... ok
test parser::tests::test_parse_arithmetic_precedence ... ok
test parser::tests::test_parse_annotated_disjunction_ast ... ok
test parser::tests::test_parse_constraint ... ok
test parser::tests::test_parse_evidence_ast ... ok
test parser::tests::test_parse_evidence_is_not_a_fact ... ok
test parser::tests::test_parse_fact ... ok
test parser::tests::test_parse_arithmetic_parentheses ... ok
test parser::tests::test_parse_full_program ... ok
test parser::tests::test_parse_is_expr ... ok
test parser::tests::test_parse_arithmetic_nested ... ok
test parser::tests::test_parse_logsumexp_aggregate ... ok
test parser::tests::test_parse_prob_engine_pragma_ast ... ok
test parser::tests::test_parse_negation ... ok
test parser::tests::test_parse_prob_engine_pragma_syntax ... ok
test parser::tests::test_parse_pred_decl ... ok
test parser::tests::test_parse_multiple_wildcards ... ok
test parser::tests::test_parse_probabilistic_fact_syntax ... ok
test parser::tests::test_parse_query ... ok
test parser::tests::test_parse_query_directive_is_not_a_fact ... ok
test parser::tests::test_parse_rule ... ok
test parser::tests::test_parse_recursive_rule ... ok
test parser::tests::test_parse_prob_query_ast ... ok
test parser::tests::test_parse_probabilistic_fact_ast ... ok
test stratify::tests::test_analyze_stratification_detects_non_monotone ... ok
test stratify::tests::test_dependency_graph_construction ... ok
test stratify::tests::test_stratify_probabilistic_non_monotone_allows_mc ... ok
test stratify::tests::test_analyze_stratification_stratified_program ... ok
test stratify::tests::test_stratify_cycle_through_negation ... ok
test stratify::tests::test_stratify_probabilistic_non_monotone_allows_exact_ddnnf ... ok
test stratify::tests::test_stratify_simple ... ok
test stratify::tests::test_stratify_with_negation ... ok
test typeinfer::tests::test_infer_conditional ... ok
test typeinfer::tests::test_infer_abs ... ok
test typeinfer::tests::test_infer_cast ... ok
test typeinfer::tests::test_infer_variable ... ok
test typeinfer::tests::test_infer_param_types ... ok
test typeinfer::tests::test_infer_unknown_variable ... ok
test resolver::tests::test_circular_import ... ok
test resolver::tests::test_find_module_file ... ok
test resolver::tests::test_function_exports ... ok
test typeinfer::tests::test_infer_numeric_promotion ... ok
test resolver::tests::test_module_not_found ... ok
test resolver::tests::test_search_paths ... ok
test resolver::tests::test_load_simple_module ... ok
test resolver::tests::test_mixed_exports ... ok
test resolver::tests::test_private_not_exported ... ok
test typeinfer::tests::test_infer_min_max ... ok
test typeinfer::tests::test_infer_literal ... ok

test result: ok. 162 passed; 0 failed; 0 ignored; 0 measured; 0 filtered out; finished in 0.01s

     Running tests/e2e_integration_tests.rs (target/release/deps/e2e_integration_tests-999279cb962de8cb)

running 18 tests
test test_aggregates ... ok
test test_aggregation_compiles ... ok
test test_float_predicate_complex_classification ... ok
test test_negation_compiles ... ok
test test_float_predicate_signed_zero ... ok
test test_float_predicate_sensor_data_with_nan ... ok
test test_float_predicate_financial_infinity ... ok
test test_tc_compiles ... ok
test test_unstratifiable_fails ... ok
test test_transitive_closure ... ok
test test_xlog_engine_workflow ... ok
test test_stratified_negation ... ok
test test_simple_join ... ok
test test_constant_filter ... ok
test test_float_predicate_computed_nan_via_division ... ok
test test_float_predicate_f32_special_values ... ok
test test_aggregates_multi_key_sum ... ok
test test_simple_scan ... ok

test result: ok. 18 passed; 0 failed; 0 ignored; 0 measured; 0 filtered out; finished in 0.00s

     Running tests/function_integration_tests.rs (target/release/deps/function_integration_tests-d16d6892ee00f0f2)

running 11 tests
test test_function_with_type_annotations ... ok
test test_nested_function_expansion ... ok
test test_full_function_pipeline ... ok
test test_duplicate_function_error ... ok
test test_max_recursion_depth_exceeded ... ok
test test_private_function_not_exported ... ok
test test_recursion_warning_analysis ... ok
test test_function_name_conflict_with_predicate ... ok
test test_recursive_function_with_base_case ... ok
test test_recursive_without_base_case_fails ... ok
test test_simple_function_expansion ... ok

test result: ok. 11 passed; 0 failed; 0 ignored; 0 measured; 0 filtered out; finished in 0.00s

     Running tests/function_parse_tests.rs (target/release/deps/function_parse_tests-aa1edddc352298ba)

running 13 tests
test test_parse_deeply_nested ... ok
test test_parse_max_recursion_pragma ... ok
test test_parse_conditional_func ... ok
test test_parse_complex_conditional ... ok
test test_parse_func_call_in_rule ... ok
test test_parse_both_call_syntaxes ... ok
test test_parse_private_func ... ok
test test_parse_nested_func_calls ... ok
test test_parse_recursive_func ... ok
test test_parse_multi_param_func ... ok
test test_parse_predicate_func ... ok
test test_parse_simple_func ... ok
test test_parse_typed_func ... ok

test result: ok. 13 passed; 0 failed; 0 ignored; 0 measured; 0 filtered out; finished in 0.00s

     Running tests/integration/main.rs (target/release/deps/integration-554a1c3f2597a501)

running 63 tests
test full_v032::test_deeply_nested_module_paths ... ok
test full_v032::test_comprehensive_module_all_features ... ok
test full_v032::test_analytics_metrics_system ... ok
test full_v032::test_cross_module_symbol_deduplication ... ok
test full_v032::test_event_processing_pipeline ... ok
test full_v032::test_function_equality_comparisons ... ok
test full_v032::test_symbols_in_probabilistic_context ... ok
test full_v032::test_hierarchical_organization_structure ... ok
test full_v032::test_inventory_warehouse_system ... ok
test full_v032::test_mixed_typed_untyped_functions ... ok
test full_v032::test_nested_module_with_functions_and_symbols ... ok
test full_v032::test_task_management_system ... ok
test module_udf::test_conditional_function_if_then_else ... ok
test full_v032::test_similar_symbol_prefixes ... ok
test full_v032::test_ecommerce_platform_full_integration ... ok
test module_udf::test_fibonacci_recursive_function ... ok
test module_udf::test_function_syntax_basic ... ok
test module_udf::test_predicate_based_function ... ok
test module_udf::test_function_syntax_multiple_params ... ok
test module_udf::test_function_with_nested_calls ... ok
test module_udf::test_private_function_in_module ... ok
test module_udf::test_import_all_from_module ... ok
test module_udf::test_import_from_nested_module_path ... ok
test module_udf::test_import_function_from_module ... ok
test module_udf::test_max_recursion_pragma_with_function ... ok
test module_udf::test_module_imports_with_functions_and_predicates ... ok
test module_udf::test_module_with_function_definitions ... ok
test symbol_module::test_symbol_deduplication_across_modules ... ok
test module_udf::test_multiple_private_functions ... ok
test module_udf::test_nested_conditional_function ... ok
test symbol_module::test_symbol_in_rule_body ... ok
test module_udf::test_recursive_function_in_module ... ok
test module_udf::test_function_with_typed_params ... ok
test symbol_module::test_symbol_count_after_parsing ... ok
test symbol_module::test_symbol_case_sensitivity ... ok
test symbol_module::test_symbols_in_module_predicates ... ok
test symbol_module::test_symbol_in_annotated_disjunction ... ok
test symbol_module::test_symbol_in_negation ... ok
test symbol_module::test_symbol_in_multiple_predicates ... ok
test module_udf::test_function_used_in_rule_body ... ok
test symbol_module::test_symbol_interleaved_parsing_and_resolution ... ok
test symbol_module::test_symbol_memory_tracking ... ok
test symbol_module::test_symbol_in_probabilistic_fact ... ok
test symbol_module::test_symbol_resolution_after_parsing ... ok
test symbol_udf::test_symbol_with_function_comparison ... ok
test symbol_module::test_symbol_with_numbers_in_name ... ok
test symbol_module::test_symbol_with_underscore ... ok
test symbol_udf::test_symbol_with_predicate_based_function ... ok
test symbol_udf::test_symbol_with_typed_function ... ok
test symbol_udf::test_symbol_in_query_with_function ... ok
test symbol_udf::test_symbol_interning_order_with_functions ... ok
test symbol_udf::test_symbol_in_function_output_predicate ... ok
test symbol_udf::test_symbol_predicate_with_function_in_body ... ok
test symbol_udf::test_symbol_preservation_across_function_chain ... ok
test symbol_udf::test_symbol_with_conditional_function ... ok
test symbol_module::test_symbol_roundtrip_consistency ... ok
test symbol_udf::test_symbol_with_function_in_multi_column_predicate ... ok
test symbol_udf::test_symbol_with_imported_function_declaration ... ok
test symbol_udf::test_symbol_with_multiple_functions ... ok
test module_udf::test_module_with_mixed_declarations ... ok
test symbol_udf::test_symbol_with_private_function ... ok
test symbol_udf::test_symbol_with_recursive_function ... ok
test symbol_udf::test_symbol_count_stability_with_functions ... ok

test result: ok. 63 passed; 0 failed; 0 ignored; 0 measured; 0 filtered out; finished in 0.00s

     Running tests/integration_tests.rs (target/release/deps/integration_tests-350c4f953b078d15)

running 23 tests
test test_compile_aggregate_program ... ok
test test_compile_desugars_constraint_to_rule ... ok
test test_compile_convenience_function ... ok
test test_compile_desugars_query_to_rule ... ok
test test_compile_syntax_error ... ok
test test_compile_stratified_program ... ok
test test_compile_tc_program ... ok
test test_compile_unstratifiable_program ... ok
test test_compile_learnable_rule_produces_tmj ... ok
test test_learnable_head_constant_fails ... ok
test test_learnable_head_unbound_variable_fails ... ok
test test_learnable_rule_body_validation ... ok
test test_optimizer_handles_tmj ... ok
test test_parse_aggregate_program ... ok
test test_parse_learnable_malformed_fails ... ok
test test_parse_learnable_rule ... ok
test test_parse_learnable_rule_preserves_normal_rules ... ok
test test_parse_stratified_program ... ok
test test_parse_tc_program ... ok
test test_stratify_negation_program ... ok
test test_stratify_tc_program ... ok
test test_stratify_with_learnable_rule ... ok
test test_tmj_referenced_relations_complete ... ok

test result: ok. 23 passed; 0 failed; 0 ignored; 0 measured; 0 filtered out; finished in 0.00s

     Running tests/module_integration_tests.rs (target/release/deps/module_integration_tests-8c2a3c0e8b870b68)

running 8 tests
test test_basic_import ... ok
test test_circular_import_detected ... ok
test test_search_paths ... ok
test test_nested_import ... ok
test test_module_exports_from_rules ... ok
test test_visibility_exports ... ok
test test_transitive_dependencies ... ok
test test_search_path_precedence ... ok

test result: ok. 8 passed; 0 failed; 0 ignored; 0 measured; 0 filtered out; finished in 0.00s

     Running tests/module_parse_tests.rs (target/release/deps/module_parse_tests-29136496802b54e1)

running 5 tests
test test_parse_use_nested ... ok
test test_parse_private_pred ... ok
test test_parse_multiple_imports ... ok
test test_parse_use_all ... ok
test test_parse_use_selective ... ok

test result: ok. 5 passed; 0 failed; 0 ignored; 0 measured; 0 filtered out; finished in 0.00s

     Running tests/optimizer_integration.rs (target/release/deps/optimizer_integration-22679f6f31a976be)

running 16 tests
test test_optimizer_algorithm_selection ... ok
test test_optimizer_config_integration ... ok
test test_optimize_compiled_rules ... ok
test test_optimizer_hot_relation_tracking ... ok
test test_optimizer_graph_algorithm ... ok
test test_compile_with_optimizer_cost_estimation ... ok
test test_optimizer_empty_relation ... ok
test test_optimizer_join_cardinality_estimation ... ok
test test_optimizer_pushdown_config ... ok
test test_optimizer_unknown_relation ... ok
test test_optimizer_social_network_analysis ... ok
test test_optimizer_uses_column_stats ... ok
test test_optimizer_uses_relation_stats ... ok
test test_optimizer_with_aggregation ... ok
test test_plan_cost_operations ... ok
test test_optimizer_with_stratified_program ... ok

test result: ok. 16 passed; 0 failed; 0 ignored; 0 measured; 0 filtered out; finished in 0.00s

     Running tests/optimizer_real_world.rs (target/release/deps/optimizer_real_world-4de5900802b12f68)

running 42 tests
test business_intelligence::test_predicate_pushdown_through_projection ... ok
test business_intelligence::test_complex_predicate_and ... ok
test business_intelligence::test_star_schema_5way_join ... ok
test business_intelligence::test_sales_by_category ... ok
test edge_cases::test_distinct_cost ... ok
test edge_cases::test_anti_join_cost ... ok
test business_intelligence::test_cube_analysis ... ok
test edge_cases::test_deeply_nested_plan ... ok
test edge_cases::test_diff_cost ... ok
test edge_cases::test_semi_join_cost ... ok
test edge_cases::test_unknown_relation ... ok
test edge_cases::test_large_cardinality ... ok
test edge_cases::test_union_cost ... ok
test graph_analytics::test_connected_components ... ok
test edge_cases::test_empty_relation ... ok
test graph_analytics::test_degree_computation ... ok
test graph_analytics::test_source_sink_detection ... ok
test graph_analytics::test_reachability_query ... ok
test graph_analytics::test_cycle_detection ... ok
test plan_cost_ops::test_plan_cost_total ... ok
test recursive_patterns::test_fixpoint_cost_estimation ... ok
test graph_analytics::test_triangle_detection ... ok
test recursive_patterns::test_bom_explosion ... ok
test optimizer_config::test_algorithm_selection_threshold ... ok
test plan_cost_ops::test_plan_cost_then ... ok
test plan_cost_ops::test_plan_cost_with_rows ... ok
test optimizer_config::test_selectivity_configuration ... ok
test optimizer_config::test_pushdown_configuration ... ok
test optimizer_config::test_hot_relation_recommendation ... ok
test recursive_patterns::test_individual_contributor_detection ... ok
test recursive_patterns::test_org_hierarchy ... ok
test social_network::test_follower_count_aggregation ... ok
test recursive_patterns::test_team_size_aggregation ... ok
test social_network::test_friend_of_friend_query ... ok
test social_network::test_predicate_pushdown_social_query ... ok
test social_network::test_isolated_user_detection ... ok
test supply_chain::test_join_ordering_comparison ... ok
test social_network::test_transitive_closure_influence ... ok
test supply_chain::test_inventory_shortage_query ... ok
test social_network::test_mutual_friendship_detection ... ok
test supply_chain::test_order_fulfillment_join ... ok
test supply_chain::test_supplier_chain_query ... ok

test result: ok. 42 passed; 0 failed; 0 ignored; 0 measured; 0 filtered out; finished in 0.00s

     Running tests/parse_neural.rs (target/release/deps/parse_neural-8694aa004bc3ba43)

running 6 tests
test test_parse_multiple_neural_predicates ... ok
test test_parse_neural_predicate_multiple_inputs ... ok
test test_parse_neural_predicate_with_labels ... ok
test test_parse_neural_with_empty_inputs ... ok
test test_parse_neural_predicate_symbol_labels ... ok
test test_parse_neural_predicate_embedding ... ok

test result: ok. 6 passed; 0 failed; 0 ignored; 0 measured; 0 filtered out; finished in 0.00s

     Running tests/real_world_tests.rs (target/release/deps/real_world_tests-e369434331f41204)

running 13 tests
test test_arithmetic_fresh_var_error ... ok
test test_arithmetic_type_error ... ok
test test_arithmetic_chained ... ok
test test_call_graph_construction ... ok
test test_forward_computation ... ok
test test_influence_propagation ... ok
test test_network_connectivity ... ok
test test_points_to_analysis ... ok
test test_rbac_permission_derivation ... ok
test test_arithmetic_all_ops ... ok
test test_complex_join_query ... ok
test test_social_network_friend_recommendations ... ok
test test_bill_of_materials ... ok

test result: ok. 13 passed; 0 failed; 0 ignored; 0 measured; 0 filtered out; finished in 0.00s

     Running tests/symbol_integration_test.rs (target/release/deps/symbol_integration_test-0f7265f17d2fae96)

running 2 tests
test test_symbol_roundtrip_through_parser ... ok
test test_symbol_deduplication ... ok

test result: ok. 2 passed; 0 failed; 0 ignored; 0 measured; 0 filtered out; finished in 0.00s

     Running unittests examples/optimizer_demo.rs (target/release/examples/optimizer_demo-67e80506bfe72d9f)

running 0 tests

test result: ok. 0 passed; 0 failed; 0 ignored; 0 measured; 0 filtered out; finished in 0.00s

     Running unittests examples/xlog_run.rs (target/release/examples/xlog_run-8b7445a37feda4b7)

running 0 tests

test result: ok. 0 passed; 0 failed; 0 ignored; 0 measured; 0 filtered out; finished in 0.00s

     Running unittests src/lib.rs (target/release/deps/xlog_neural-65057f1f173ad166)

running 18 tests
test batch::tests::test_batch_collector_take ... ok
test batch::tests::test_batch_mapping ... ok
test batch::tests::test_neural_call_num_inputs ... ok
test bridge::tests::test_circuit_leaves_with_offset ... ok
test bridge::tests::test_neural_output_argmax ... ok
test bridge::tests::test_probability_of_label ... ok
test handle::tests::test_handle_from_config ... ok
test handle::tests::test_handle_new ... ok
test registry::tests::test_config_default ... ok
test registry::tests::test_config_builder ... ok
test registry::tests::test_config_with_top_k ... ok
test registry::tests::test_config_deterministic ... ok
test registry::tests::test_registry_iter ... ok
test registry::tests::test_registry_new ... ok
test registry::tests::test_registry_register_get ... ok
test tensor_source::tests::test_metadata_full_shape ... ok
test tensor_source::tests::test_metadata_sample_numel ... ok
test tensor_source::tests::test_registry_default ... ok

test result: ok. 18 passed; 0 failed; 0 ignored; 0 measured; 0 filtered out; finished in 0.00s

     Running unittests src/lib.rs (target/release/deps/xlog_prob-6f9e3cb041dc89ef)

running 56 tests
test cnf::tests::test_dimacs_is_well_formed ... ok
test cnf::tests::test_encode_cnf_does_not_force_root_assignment ... ok
test cnf::tests::test_tseitin_and_requires_both_children ... ok
test cnf::tests::test_tseitin_decision_mux_matches_choice_var ... ok
test cnf::tests::test_tseitin_or_requires_one_child ... ok
test cnf::tests::test_tseitin_neg_lit_uses_negated_polarity ... ok
test compilation::gpu_d4::tests::gpu_d4_build_frontier_bitset_depth2_sets_expected_assignments ... ok
test compilation::gpu_d4::tests::gpu_d4_build_frontier_dense_depth2_sets_expected_assignments ... ok
test compilation::gpu_d4::tests::gpu_d4_compile_phase1_unit_clause_is_equivalent_via_gpu_cdcl ... ok
test compilation::gpu_d4::tests::gpu_d4_compile_phase1_binary_clause_branches_and_is_equivalent_via_gpu_cdcl ... ok
test kc::ddnnf::tests::test_parse_and_eval_identity_variable ... ok
test compilation::disk_cache::tests::test_missing_file_returns_none ... ok
test compilation::gpu_d4::tests::gpu_d4_compile_phase1_unsat_is_equivalent_via_gpu_cdcl ... ok
test kc::ddnnf::tests::test_parse_detects_missing_terminator ... ok
test compilation::disk_cache::tests::test_mismatched_key_returns_none ... ok
test compilation::disk_cache::tests::test_roundtrip ... ok
test compilation::disk_cache::tests::test_roundtrip_unaligned_num_nodes ... ok
test compilation::disk_cache::tests::test_eviction ... ok
test compilation::gpu_d4::tests::gpu_d4_frontier_prepare_and_expand_unit_clause_prunes_branching ... ok
test compilation::gpu_d4::tests::gpu_d4_compile_config_requires_smoothing_caps ... ok
test compilation::gpu_d4::tests::gpu_d4_compile_phase1_frontier_depth2_multi_leaf_is_equivalent_via_gpu_cdcl ... ok
test compilation::disk_cache::tests::test_truncated_file_returns_none ... ok
test compilation::disk_cache::tests::test_corrupted_magic_returns_none ... ok
test compilation::gpu_d4::tests::gpu_d4_frontier_prepare_and_expand_branches_on_first_clause_min_var ... ok
test wfs::tests::test_wfs_atom_equality ... ok
test wfs::tests::test_wfs_asymmetric_negation ... ok
test pir::tests::test_levelize_simple_dag ... ok
test pir::tests::test_levelize_decision_node ... ok
test compilation::gpu_d4::tests::gpu_d4_compile_phase1_component_decomposition_emits_and_root ... ok
test wfs::tests::test_wfs_default_logic ... ok
test wfs::tests::test_wfs_empty_rules ... ok
test wfs::tests::test_wfs_chain_with_grounding ... ok
test wfs::tests::test_wfs_combined_provenance ... ok
test wfs::tests::test_wfs_config_default ... ok
test wfs::tests::test_wfs_hamiltonian_cycle_like ... ok
test wfs::tests::test_wfs_even_odd_cycle ... ok
test wfs::tests::test_wfs_mixed_dependencies ... ok
test wfs::tests::test_wfs_multiple_rules_same_head ... ok
test wfs::tests::test_wfs_no_rules_for_predicate ... ok
test wfs::tests::test_wfs_non_ground_birds ... ok
test wfs::tests::test_wfs_provenance_tracking ... ok
test wfs::tests::test_wfs_result_default ... ok
test wfs::tests::test_wfs_partial_grounding ... ok
test wfs::tests::test_wfs_result_truth_value ... ok
test wfs::tests::test_wfs_simple_fact ... ok
test wfs::tests::test_wfs_simple_negation ... ok
test wfs::tests::test_wfs_positive_cycle_with_base ... ok
test wfs::tests::test_wfs_stable_model_unique ... ok
test wfs::tests::test_wfs_three_way_cycle ... ok
test wfs::tests::test_wfs_undefined_atoms_method ... ok
test wfs::tests::test_wfs_probabilistic_provenance_or ... ok
test wfs::tests::test_wfs_win_lose ... ok
test xgcf::tests::test_xgcf_matches_ddnnf_on_two_stage_decision ... ok
test wfs::tests::test_wfs_win_with_base_case ... ok
test wfs::tests::test_wfs_positive_cycle ... ok
test xgcf::tests::test_xgcf_matches_ddnnf_on_single_decision ... ok

test result: ok. 56 passed; 0 failed; 0 ignored; 0 measured; 0 filtered out; finished in 0.00s

     Running tests/cdcl_q1_status_simple.rs (target/release/deps/cdcl_q1_status_simple-06c41d467cbb0e39)

running 1 test
test cdcl_q1_solves_unsat_without_trap_simple_wfs_asymmetric ... ok

test result: ok. 1 passed; 0 failed; 0 ignored; 0 measured; 0 filtered out; finished in 0.00s

     Running tests/cdcl_q2_status.rs (target/release/deps/cdcl_q2_status-a2b96fe751adc157)

running 1 test
test cdcl_q2_reports_status_and_error_without_trap ... ok

test result: ok. 1 passed; 0 failed; 0 ignored; 0 measured; 0 filtered out; finished in 0.00s

     Running tests/cnf_cross_process.rs (target/release/deps/cnf_cross_process-fd20feaa262c9388)

running 2 tests
test cnf_cross_process_child ... ok
test cnf_encoding_is_identical_across_processes ... ok

test result: ok. 2 passed; 0 failed; 0 ignored; 0 measured; 0 filtered out; finished in 0.00s

     Running tests/cnf_determinism.rs (target/release/deps/cnf_determinism-58c0df525472503c)

running 4 tests
test encode_cnf_is_independent_of_child_order_in_and_or ... ok
test encode_cnf_is_independent_of_pir_node_id_order ... ok
test encode_cnf_or_is_independent_of_child_order ... ok
test encode_cnf_nested_graph_with_different_id_offsets ... ok

test result: ok. 4 passed; 0 failed; 0 ignored; 0 measured; 0 filtered out; finished in 0.00s

     Running tests/disk_cache_cross_process.rs (target/release/deps/disk_cache_cross_process-c645eba06064dea6)

running 2 tests
test disk_cache_cross_process_child ... ok
test gpu_cnf_hash_is_identical_across_processes ... ok

test result: ok. 2 passed; 0 failed; 0 ignored; 0 measured; 0 filtered out; finished in 0.56s

     Running tests/exact_ddnnf.rs (target/release/deps/exact_ddnnf-68769ad4f07aa42f)

running 0 tests

test result: ok. 0 passed; 0 failed; 0 ignored; 0 measured; 0 filtered out; finished in 0.00s

     Running tests/exact_ddnnf_gpu_grads.rs (target/release/deps/exact_ddnnf_gpu_grads-01a7f5ae34ae9ef7)

running 0 tests

test result: ok. 0 passed; 0 failed; 0 ignored; 0 measured; 0 filtered out; finished in 0.00s

     Running tests/gpu_backward_fused_parity.rs (target/release/deps/gpu_backward_fused_parity-aae5d58db7e78eb4)

running 1 test
test fused_backward_matches_per_level ... ok

test result: ok. 1 passed; 0 failed; 0 ignored; 0 measured; 0 filtered out; finished in 0.00s

     Running tests/gpu_cache_compile_and_verify.rs (target/release/deps/gpu_cache_compile_and_verify-c90e3163dada3fd8)

running 1 test
test gpu_cache_compile_reuses_slot ... ok

test result: ok. 1 passed; 0 failed; 0 ignored; 0 measured; 0 filtered out; finished in 0.00s

     Running tests/gpu_cache_store.rs (target/release/deps/gpu_cache_store-bceb87ae2e31249b)

running 1 test
test cache_store_writes_metadata ... ok

test result: ok. 1 passed; 0 failed; 0 ignored; 0 measured; 0 filtered out; finished in 0.00s

     Running tests/gpu_circuit_cache.rs (target/release/deps/gpu_circuit_cache-c53fa0da99edcaf3)

running 1 test
test gpu_cache_hit_miss_and_eviction ... ok

test result: ok. 1 passed; 0 failed; 0 ignored; 0 measured; 0 filtered out; finished in 0.00s

     Running tests/gpu_cnf.rs (target/release/deps/gpu_cnf-3f96d6f9a801fae1)

running 3 tests
test gpu_cnf_prunes_unreachable_nodes ... ok
test gpu_cnf_matches_cpu_encoding_simple ... ok
test gpu_cnf_handles_empty_and_or_and_neglit ... ok

test result: ok. 3 passed; 0 failed; 0 ignored; 0 measured; 0 filtered out; finished in 0.00s

     Running tests/gpu_cnf_hash.rs (target/release/deps/gpu_cnf_hash-59fc6241dbb46141)

running 1 test
test gpu_cnf_hash_matches_cpu_reference ... ok

test result: ok. 1 passed; 0 failed; 0 ignored; 0 measured; 0 filtered out; finished in 0.00s

     Running tests/gpu_d4_compile_and_verify.rs (target/release/deps/gpu_d4_compile_and_verify-01f45c0124c6db75)

running 1 test
test gpu_d4_compile_and_verify_unit_clause ... ok

test result: ok. 1 passed; 0 failed; 0 ignored; 0 measured; 0 filtered out; finished in 0.00s

     Running tests/gpu_d4_validate_cnf.rs (target/release/deps/gpu_d4_validate_cnf-6464455ac473a781)

running 1 test
test gpu_d4_validate_cnf_accepts_well_formed_cnf ... ok

test result: ok. 1 passed; 0 failed; 0 ignored; 0 measured; 0 filtered out; finished in 0.00s

     Running tests/gpu_d4_var_presence.rs (target/release/deps/gpu_d4_var_presence-e96750f37a1b9d3b)

running 4 tests
test gpu_cache_exact_probability_of_dry_is_0_7 ... ok
test gpu_d4_circuit_mentions_sprinkler_var ... ok
test gpu_d4_circuit_mentions_derived_query_var_dry ... ok
test gpu_d4_exact_probability_of_dry_is_0_7 ... ok

test result: ok. 4 passed; 0 failed; 0 ignored; 0 measured; 0 filtered out; finished in 0.00s

     Running tests/gpu_equivalence_padded_phi.rs (target/release/deps/gpu_equivalence_padded_phi-99598be2a1797750)

running 1 test
test gpu_equivalence_accepts_padded_phi_caps ... ok

test result: ok. 1 passed; 0 failed; 0 ignored; 0 measured; 0 filtered out; finished in 0.00s

     Running tests/gpu_equivalence_smoke.rs (target/release/deps/gpu_equivalence_smoke-33ee858288350249)

running 1 test
test gpu_equivalence_smoke_phi_is_lit ... ok

test result: ok. 1 passed; 0 failed; 0 ignored; 0 measured; 0 filtered out; finished in 0.00s

     Running tests/gpu_eval_device_only.rs (target/release/deps/gpu_eval_device_only-cb02e2fbd5ea05f2)

running 1 test
test gpu_eval_device_only_matches_cached_eval ... ok

test result: ok. 1 passed; 0 failed; 0 ignored; 0 measured; 0 filtered out; finished in 0.00s

     Running tests/gpu_exact_cache_integration.rs (target/release/deps/gpu_exact_cache_integration-022a61e29a866659)

running 0 tests

test result: ok. 0 passed; 0 failed; 0 ignored; 0 measured; 0 filtered out; finished in 0.00s

     Running tests/gpu_mc_device_counts.rs (target/release/deps/gpu_mc_device_counts-5d59d99452ac2558)

running 0 tests

test result: ok. 0 passed; 0 failed; 0 ignored; 0 measured; 0 filtered out; finished in 0.00s

     Running tests/gpu_mc_vs_cpu.rs (target/release/deps/gpu_mc_vs_cpu-a23637583dcbf200)

running 0 tests

test result: ok. 0 passed; 0 failed; 0 ignored; 0 measured; 0 filtered out; finished in 0.00s

     Running tests/gpu_pir_intern.rs (target/release/deps/gpu_pir_intern-3500421cb21c666e)

running 1 test
test gpu_pir_intern_is_deterministic ... ok

test result: ok. 1 passed; 0 failed; 0 ignored; 0 measured; 0 filtered out; finished in 0.00s

     Running tests/gpu_pir_layout.rs (target/release/deps/gpu_pir_layout-06674dd77c7a7ac7)

running 1 test
test gpu_pir_layout_matches_cpu_nodes ... ok

test result: ok. 1 passed; 0 failed; 0 ignored; 0 measured; 0 filtered out; finished in 0.00s

     Running tests/gpu_query_var_mapping.rs (target/release/deps/gpu_query_var_mapping-d0cd7cd845a6f0d7)

running 3 tests
test gpu_evidence_by_var_marks_wet_only ... ok
test gpu_query_var_mapping_wet_sprinkler ... ok
test gpu_weights_respect_wet_evidence ... ok

test result: ok. 3 passed; 0 failed; 0 ignored; 0 measured; 0 filtered out; finished in 0.00s

     Running tests/gpu_query_vars_device.rs (target/release/deps/gpu_query_vars_device-dfb5d853ff3c26e0)

running 1 test
test query_vars_apply_and_restore_on_device ... ok

test result: ok. 1 passed; 0 failed; 0 ignored; 0 measured; 0 filtered out; finished in 0.00s

     Running tests/gpu_weights.rs (target/release/deps/gpu_weights-d1602367a8354ba2)

running 1 test
test gpu_weights_builds_log_tables_and_evidence ... ok

test result: ok. 1 passed; 0 failed; 0 ignored; 0 measured; 0 filtered out; finished in 0.00s

     Running tests/gpu_xgcf.rs (target/release/deps/gpu_xgcf-5dab3a43bab1821d)

running 0 tests

test result: ok. 0 passed; 0 failed; 0 ignored; 0 measured; 0 filtered out; finished in 0.00s

     Running tests/gpu_xgcf_cached.rs (target/release/deps/gpu_xgcf_cached-850f97683b6c60c2)

running 1 test
test cached_eval_matches_direct_eval ... ok

test result: ok. 1 passed; 0 failed; 0 ignored; 0 measured; 0 filtered out; finished in 0.00s

     Running tests/gpu_xgcf_from_device.rs (target/release/deps/gpu_xgcf_from_device-ba2c17466368158d)

running 0 tests

test result: ok. 0 passed; 0 failed; 0 ignored; 0 measured; 0 filtered out; finished in 0.00s

     Running tests/mc.rs (target/release/deps/mc-0a8d885feae875c5)

running 0 tests

test result: ok. 0 passed; 0 failed; 0 ignored; 0 measured; 0 filtered out; finished in 0.00s

     Running tests/mc_gpu_native.rs (target/release/deps/mc_gpu_native-28c668e234faa74c)

running 4 tests
test mc_host_read_apis_gated ... ok
test mc_accumulate_counts_increments_on_ok ... ok
test mc_gpu_device_counts_match_expected_small ... ok
test mc_eval_kernels_set_evidence_ok_without_evidence ... ok

test result: ok. 4 passed; 0 failed; 0 ignored; 0 measured; 0 filtered out; finished in 0.00s

     Running tests/neural_fast_path.rs (target/release/deps/neural_fast_path-28198a3948b1fb7d)

running 0 tests

test result: ok. 0 passed; 0 failed; 0 ignored; 0 measured; 0 filtered out; finished in 0.00s

     Running tests/no_cpu_d4_in_exact.rs (target/release/deps/no_cpu_d4_in_exact-9687b972276a2c61)

running 1 test
test exact_path_uses_gpu_only ... ok

test result: ok. 1 passed; 0 failed; 0 ignored; 0 measured; 0 filtered out; finished in 0.00s

     Running tests/no_dtoh_gpu_native.rs (target/release/deps/no_dtoh_gpu_native-a3e67115f130b283)

running 6 tests
test random_var_collection_no_dtoh_in_source ... ok
test host_io_feature_required_for_dtoh_apis ... ok
test mc_gpu_path_avoids_host_sampling ... ok
test mc_gpu_device_eval_avoids_host_query_truth ... ok
test gpu_d4_compile_path_has_no_dtoh_calls ... ok
test smoothing_no_dtoh_calls_in_source ... ok

test result: ok. 6 passed; 0 failed; 0 ignored; 0 measured; 0 filtered out; finished in 0.00s

     Running tests/no_dtoh_in_gpu_cache.rs (target/release/deps/no_dtoh_in_gpu_cache-e70c46fb306d1ab6)

running 1 test
test no_device_to_host_reads_in_gpu_cache ... ok

test result: ok. 1 passed; 0 failed; 0 ignored; 0 measured; 0 filtered out; finished in 0.00s

     Running tests/no_dtoh_in_gpu_cache_path.rs (target/release/deps/no_dtoh_in_gpu_cache_path-9bcf218c269a30ec)

running 1 test
test no_device_to_host_reads_in_cache_compile_path ... ok

test result: ok. 1 passed; 0 failed; 0 ignored; 0 measured; 0 filtered out; finished in 0.00s

     Running tests/no_dtoh_in_gpu_equivalence.rs (target/release/deps/no_dtoh_in_gpu_equivalence-9c268e0cb8852703)

running 1 test
test no_device_to_host_reads_in_gpu_equivalence ... ok

test result: ok. 1 passed; 0 failed; 0 ignored; 0 measured; 0 filtered out; finished in 0.00s

     Running tests/no_dtoh_in_gpu_eval_device.rs (target/release/deps/no_dtoh_in_gpu_eval_device-40edb7fa9fb73599)

running 1 test
test no_device_to_host_reads_in_gpu_eval_device ... ok

test result: ok. 1 passed; 0 failed; 0 ignored; 0 measured; 0 filtered out; finished in 0.00s

     Running tests/no_dtoh_in_gpu_exact_path.rs (target/release/deps/no_dtoh_in_gpu_exact_path-b5e6c199428a2282)

running 1 test
test no_device_to_host_reads_in_exact_gpu_module ... ok

test result: ok. 1 passed; 0 failed; 0 ignored; 0 measured; 0 filtered out; finished in 0.00s

     Running tests/no_dtoh_in_gpu_neural_fast_path.rs (target/release/deps/no_dtoh_in_gpu_neural_fast_path-527ced69214abfe3)

running 1 test
test no_device_to_host_reads_in_gpu_neural_fast_path ... ok

test result: ok. 1 passed; 0 failed; 0 ignored; 0 measured; 0 filtered out; finished in 0.00s

     Running tests/no_dtoh_in_neural_backward_nll.rs (target/release/deps/no_dtoh_in_neural_backward_nll-5b0c167b2a359b51)

running 1 test
test no_device_to_host_reads_in_neural_backward_nll ... ok

test result: ok. 1 passed; 0 failed; 0 ignored; 0 measured; 0 filtered out; finished in 0.00s

     Running tests/no_synchronize_in_neural_backward.rs (target/release/deps/no_synchronize_in_neural_backward-47d1196ea4ea1900)

running 1 test
test no_device_synchronize_in_neural_backward_inner ... ok

test result: ok. 1 passed; 0 failed; 0 ignored; 0 measured; 0 filtered out; finished in 0.00s

     Running tests/no_unimplemented_stubs.rs (target/release/deps/no_unimplemented_stubs-4053cfbb65d7253f)

running 1 test
test compilation_module_contains_no_unimplemented_stubs ... ok

test result: ok. 1 passed; 0 failed; 0 ignored; 0 measured; 0 filtered out; finished in 0.00s

     Running tests/provenance_tc.rs (target/release/deps/provenance_tc-fd7a0e24582bcbb3)

running 1 test
test test_recursive_provenance_builds_acyclic_pir ... ok

test result: ok. 1 passed; 0 failed; 0 ignored; 0 measured; 0 filtered out; finished in 0.00s

     Running tests/sync_regression_gpu.rs (target/release/deps/sync_regression_gpu-4418a169939de357)

running 1 test
test gpu_rs_synchronize_count_is_pinned ... ok

test result: ok. 1 passed; 0 failed; 0 ignored; 0 measured; 0 filtered out; finished in 0.00s

     Running tests/sync_regression_gpu_cache.rs (target/release/deps/sync_regression_gpu_cache-c326c4cda14cea76)

running 1 test
test gpu_cache_synchronize_count_is_pinned ... ok

test result: ok. 1 passed; 0 failed; 0 ignored; 0 measured; 0 filtered out; finished in 0.00s

     Running tests/template_addition_cnf_valid.rs (target/release/deps/template_addition_cnf_valid-ef12c5d23375c3ce)

running 1 test
test template_addition_cnf_is_valid_dimacs ... ok

test result: ok. 1 passed; 0 failed; 0 ignored; 0 measured; 0 filtered out; finished in 0.00s

     Running unittests src/lib.rs (target/release/deps/xlog_runtime-854b1381b9ee0b86)

running 76 tests
test executor::tests::test_apply_deltas_and_recompute_insert_only_recomputes_anti_join ... ok
test executor::tests::test_apply_deltas_and_recompute_updates_dependents ... ok
test executor::tests::test_execute_filter_comparison ... ok
test executor::tests::test_execute_filter_and ... ok
test executor::tests::test_execute_filter_project_chain ... ok
test executor::tests::test_execute_filter_all_match ... ok
test executor::tests::test_execute_fixpoint_multiple_iterations ... ok
test executor::tests::test_execute_fixpoint_one_iteration ... ok
test executor::tests::test_execute_filter_empty_input ... ok
test executor::tests::test_execute_plan_with_stratum ... ok
test executor::tests::test_execute_union_single_input ... ok
test executor::tests::test_execute_scan_success ... ok
test executor::tests::test_execute_union_multiple_inputs ... ok
test executor::tests::test_execute_diff ... ok
test executor::tests::test_execute_union_empty_inputs ... ok
test executor::tests::test_execute_project_empty_input ... ok
test executor::tests::test_predicate_f64_comparisons ... ok
test executor::tests::test_execute_filter_none_match ... ok
test executor::tests::test_execute_plan_empty ... ok
test executor::tests::test_predicate_mixed_float_int_comparisons ... ok
test profiler::tests::test_opstats_debug ... ok
test profiler::tests::test_opstats_default ... ok
test executor::tests::test_execute_scan_not_found ... ok
test profiler::tests::test_operation_count ... ok
test executor::tests::test_execute_fixpoint_empty_base ... ok
test profiler::tests::test_opstats_clone ... ok
test executor::tests::test_execute_project_reorder ... ok
test executor::tests::test_register_and_get_relation ... ok
test profiler::tests::test_profiler_clear_preserves_enabled_state ... ok
test executor::tests::test_fixpoint_cleanup ... ok
test profiler::tests::test_opstats_timed ... ok
test profiler::tests::test_profiler_disabled_has_zero_overhead ... ok
test executor::tests::test_execute_computed_projection_wiring ... ok
test profiler::tests::test_opstats_new ... ok
test profiler::tests::test_profiler_full_workflow ... ok
test profiler::tests::test_profiler_new_enabled ... ok
test executor::tests::test_executor_creation ... ok
test profiler::tests::test_peak_memory_bytes_empty ... ok
test profiler::tests::test_profiler_set_enabled ... ok
test profiler::tests::test_summary_empty ... ok
test executor::tests::test_execute_fixpoint_base_only ... ok
test profiler::tests::test_peak_memory_bytes ... ok
test profiler::tests::test_profiler_record_when_disabled ... ok
test executor::tests::test_execute_fixpoint_via_node ... ok
test profiler::tests::test_profiler_stats_immutable_reference ... ok
test profiler::tests::test_profiler_record_when_enabled ... ok
test executor::tests::test_predicate_f32_comparisons ... ok
test profiler::tests::test_total_duration_us_empty ... ok
test executor::tests::test_execute_distinct_empty ... ok
test profiler::tests::test_profiler_new_disabled ... ok
test profiler::tests::test_truncate_name_exact ... ok
test profiler::tests::test_opstats_equality ... ok
test profiler::tests::test_summary_percentages ... ok
test profiler::tests::test_summary_with_operations ... ok
test profiler::tests::test_total_memory_bytes ... ok
test profiler::tests::test_truncate_name_long ... ok
test profiler::tests::test_profiler_clear ... ok
test profiler::tests::test_total_memory_bytes_empty ... ok
test profiler::tests::test_profiler_default ... ok
test profiler::tests::test_total_duration_us ... ok
test relation::tests::test_contains ... ok
test relation::tests::test_get_mut ... ok
test relation::tests::test_get_mut_nonexistent ... ok
test relation::tests::test_get_or_insert_empty_mut ... ok
test relation::tests::test_put_and_get ... ok
test relation::tests::test_multiple_operations ... ok
test profiler::tests::test_truncate_name_short ... ok
test relation::tests::test_put_replaces_existing ... ok
test relation::tests::test_get_or_insert_empty_existing ... ok
test relation::tests::test_new_store_is_empty ... ok
test relation::tests::test_remove_nonexistent ... ok
test relation::tests::test_get_or_insert_empty_nonexistent ... ok
test relation::tests::test_remove ... ok
test relation::tests::test_get_nonexistent ... ok
test relation::tests::test_names_iterator ... ok
test relation::tests::test_clear ... ok

test result: ok. 76 passed; 0 failed; 0 ignored; 0 measured; 0 filtered out; finished in 0.01s

     Running tests/executor_config_tests.rs (target/release/deps/executor_config_tests-1f3a9cd882b4a4f2)

running 2 tests
test test_executor_respects_max_iterations ... ok
test test_executor_filter_with_column_column_compare_and_symbol ... ok

test result: ok. 2 passed; 0 failed; 0 ignored; 0 measured; 0 filtered out; finished in 0.00s

     Running tests/ilp_integration_tests.rs (target/release/deps/ilp_integration_tests-ad14eceee3cd81f4)

running 5 tests
test test_tmj_diff_no_duplicate_facts ... ok
test test_tmj_no_mask_noop ... ok
test test_tmj_tag_metadata_correct ... ok
test test_tmj_empty_mask_no_derivations ... ok
test test_tmj_identity_mask_correct_join ... ok

test result: ok. 5 passed; 0 failed; 0 ignored; 0 measured; 0 filtered out; finished in 0.00s

     Running tests/statistics_tests.rs (target/release/deps/statistics_tests-fc173e7bdfca455c)

running 3 tests
test test_heat_calculation ... ok
test test_statistics_tracking ... ok
test test_join_strategy_selection ... ok

test result: ok. 3 passed; 0 failed; 0 ignored; 0 measured; 0 filtered out; finished in 0.00s

     Running unittests src/lib.rs (target/release/deps/xlog_solve-0335af7e26320e8e)

running 111 tests
test instance::tests::test_clause_binary ... ok
test instance::tests::test_clause_count_satisfied ... ok
test instance::tests::test_clause_empty ... ok
test instance::tests::test_clause_is_satisfied ... ok
test instance::tests::test_clause_len_and_is_empty ... ok
test instance::tests::test_clause_new ... ok
test instance::tests::test_clause_unit ... ok
test instance::tests::test_clause_ternary ... ok
test instance::tests::test_instance_add_clause ... ok
test instance::tests::test_instance_count_satisfied ... ok
test instance::tests::test_instance_empty ... ok
test instance::tests::test_instance_from_cnf ... ok
test instance::tests::test_instance_num_clauses ... ok
test instance::tests::test_instance_total_weight ... ok
test instance::tests::test_instance_weighted_satisfaction_unweighted ... ok
test instance::tests::test_instance_weighted_satisfaction ... ok
test instance::tests::test_instance_is_satisfied ... ok
test instance::tests::test_literal_eval ... ok
test instance::tests::test_literal_ordering ... ok
test instance::tests::test_literal_from_dimacs ... ok
test instance::tests::test_literal_to_dimacs ... ok
test instance::tests::test_objective_default ... ok
test proof::tests::test_compute_checksum_deterministic ... ok
test instance::tests::test_literal_new ... ok
test proof::tests::test_compute_checksum_single ... ok
test instance::tests::test_instance_satisfaction_ratio ... ok
test proof::tests::test_solve_proof_approximate ... ok
test proof::tests::test_solve_proof_assignment ... ok
test instance::tests::test_literal_negate ... ok
test proof::tests::test_solve_proof_checksum ... ok
test proof::tests::test_solve_proof_checksum_deterministic ... ok
test proof::tests::test_solve_proof_checksum_different_assignments ... ok
test proof::tests::test_solve_proof_default ... ok
test proof::tests::test_solve_proof_is_satisfying ... ok
test proof::tests::test_solve_proof_none ... ok
test proof::tests::test_solve_proof_satisfaction_ratio ... ok
test proof::tests::test_solve_proof_satisfying ... ok
test proof::tests::test_solve_proof_unsatisfiable ... ok
test proof::tests::test_compute_checksum_empty ... ok
test proof::tests::test_compute_checksum_order_sensitive ... ok
test proof::tests::test_solve_proof_verify_checksum ... ok
test proof::tests::test_solve_result_approximate ... ok
test instance::tests::test_instance_with_weights ... ok
test proof::tests::test_solve_result_is_sat ... ok
test proof::tests::test_solve_result_assignment ... ok
test proof::tests::test_solve_result_is_unsat ... ok
test proof::tests::test_solve_result_optimal ... ok
test proof::tests::test_solve_result_optimal_value ... ok
test proof::tests::test_solve_result_unsat ... ok
test proof::tests::test_solve_result_with_stats ... ok
test proof::tests::test_solve_result_verify_proof ... ok
test proof::tests::test_solve_stats_chained_builders ... ok
test proof::tests::test_solve_result_sat ... ok
test proof::tests::test_solve_stats_duration_ms ... ok
test proof::tests::test_solve_stats_default ... ok
test proof::tests::test_solve_stats_duration_secs ... ok
test proof::tests::test_solve_stats_iterations_per_sec ... ok
test proof::tests::test_solve_status_eq ... ok
test proof::tests::test_solve_result_default ... ok
test proof::tests::test_solve_stats_new ... ok
test proof::tests::test_solve_stats_with_peak_memory ... ok
test proof::tests::test_solve_result_unknown ... ok
test proof::tests::test_solve_stats_with_iterations ... ok
test proof::tests::test_solve_status_default ... ok
test proof::tests::test_solve_status_optimal ... ok
test proof::tests::test_solve_status_optimal_value ... ok
test proof::tests::test_solve_status_unknown ... ok
test proof::tests::test_solve_status_sat ... ok
test proof::tests::test_solve_stats_with_duration_us ... ok
test solver::tests::test_compute_gradients_single_negative ... ok
test solver::tests::test_compute_gradients_single_positive ... ok
test solver::tests::test_solver_all_negative ... ok
test proof::tests::test_solve_status_unsat ... ok
test solver::tests::test_solver_all_positive ... ok
test solver::tests::test_solver_config_fast ... ok
test solver::tests::test_solver_config_default ... ok
test solver::tests::test_solver_config_new ... ok
test solver::tests::test_solver_config_thorough ... ok
test solver::tests::test_compute_gradients_satisfied_clause ... ok
test solver::tests::test_solver_deterministic ... ok
test solver::tests::test_solver_empty_clause ... ok
test solver::tests::test_solver_empty_instance ... ok
test solver::tests::test_solver_binary_clause ... ok
test solver::tests::test_solver_implication_chain ... ok
test solver::tests::test_solver_large_clause ... ok
test solver::tests::test_solver_many_clauses ... ok
test solver::tests::test_solver_default ... ok
test solver::tests::test_solver_negative_unit ... ok
test solver::tests::test_solver_config_builders ... ok
test solver::tests::test_solver_new_cpu ... ok
test solver::tests::test_solver_no_variables ... ok
test solver::tests::test_solver_state_clear_gradients ... ok
test solver::tests::test_solver_state_discretize ... ok
test solver::tests::test_solver_state_new ... ok
test solver::tests::test_solver_state_reset_velocities ... ok
test solver::tests::test_solver_state_with_assignments ... ok
test solver::tests::test_solver_stats ... ok
test solver::tests::test_solver_stats_iterations_limited ... ok
test solver::tests::test_solver_pigeon_hole_small ... ok
test solver::tests::test_solver_ternary_clause ... ok
test solver::tests::test_solver_three_vars ... ok
test solver::tests::test_solver_two_clause ... ok
test solver::tests::test_solver_unit_propagation ... ok
test solver::tests::test_solver_with_config_cpu ... ok
test solver::tests::test_solver_with_fast_config ... ok
test solver::tests::test_solver_xor_like ... ok
test solver::tests::test_solver_unsat ... ok
test solver::tests::test_update_assignments_clamps ... ok
test solver::tests::test_update_assignments_momentum ... ok
test solver::tests::test_solver_simple_sat ... ok
test solver::tests::test_solver_state_num_vars ... ok

test result: ok. 111 passed; 0 failed; 0 ignored; 0 measured; 0 filtered out; finished in 0.01s

     Running tests/gpu_cdcl_tests.rs (target/release/deps/gpu_cdcl_tests-2bf0a9094517c5d4)

running 2 tests
test gpu_cdcl_sat_unit_clause ... ok
test gpu_cdcl_unsat_contradictory_units ... ok

test result: ok. 2 passed; 0 failed; 0 ignored; 0 measured; 0 filtered out; finished in 0.00s

     Running tests/gpu_cnf_tests.rs (target/release/deps/gpu_cnf_tests-034730913ba3e887)

running 1 test
test gpu_cnf_roundtrip_offsets_and_lits ... ok

test result: ok. 1 passed; 0 failed; 0 ignored; 0 measured; 0 filtered out; finished in 0.00s

     Running tests/integration_test.rs (target/release/deps/integration_test-e38f40d5a0d42175)

running 30 tests
test test_3sat_dense ... ok
test test_at_most_one ... ok
test test_empty_clause_instance ... ok
test test_empty_instance ... ok
test test_3sat_satisfiable ... ok
test test_implication_chain ... ok
test test_graph_coloring_triangle_3colors ... ok
test test_instance_construction ... ok
test test_discretize_threshold_effects ... ok
test test_learning_rate_effects ... ok
test test_literal_dimacs_roundtrip ... ok
test test_literal_packed_roundtrip ... ok
test test_minimal_sat ... ok
test test_proof_checksum_uniqueness ... ok
test test_maxsat_weighted ... ok
test test_minimal_unsat ... ok
test test_solver_statistics ... ok
test test_solver_determinism ... ok
test test_solver_state_deterministic_init ... ok
test test_solver_large_instance ... ok
test test_pigeonhole_unsat_2_1 ... ok
test test_solver_underconstrained ... ok
test test_graph_coloring_triangle_2colors_unsat ... ok
test test_stats_helpers ... ok
test test_proof_checksum_verification ... ok
test test_tautological_clause ... ok
test test_solver_config_effects ... ok
test test_xor_chain ... ok
test test_satisfaction_ratio ... ok
test test_pigeonhole_unsat_3_2 ... ok

test result: ok. 30 passed; 0 failed; 0 ignored; 0 measured; 0 filtered out; finished in 0.00s

     Running tests/no_dtoh_in_gpu_cdcl.rs (target/release/deps/no_dtoh_in_gpu_cdcl-09a5b936c6c2326e)

running 1 test
test no_device_to_host_reads_in_gpu_cdcl ... ok

test result: ok. 1 passed; 0 failed; 0 ignored; 0 measured; 0 filtered out; finished in 0.00s

     Running tests/real_world_tests.rs (target/release/deps/real_world_tests-8c53df775c105e44)

running 30 tests
test test_circuit_not_gate ... ok
test test_circuit_and_gate ... ok
test test_circuit_or_gate ... ok
test test_circuit_half_adder ... ok
test test_circuit_sat_complex ... ok
test test_circuit_sat_simple ... ok
test test_circuit_xor_gate ... ok
test test_circuit_sat_unsatisfiable ... ok
test test_graph_coloring_triangle_3_colors ... ok
test test_graph_coloring_verify_invalid ... ok
test test_job_shop_verify_invalid_precedence ... ok
test test_graph_coloring_verify_valid ... ok
test test_nqueens_encoding_size ... ok
test test_job_shop_simple_problem ... ok
test test_job_shop_verify_valid_schedule ... ok
test test_nqueens_verify_invalid_same_row ... ok
test test_nqueens_verify_invalid_diagonal ... ok
test test_graph_coloring_square_2_colors ... ok
test test_sudoku_verify_invalid_row ... ok
test test_sudoku_var_index_roundtrip ... ok
test test_sudoku_verify_valid_solution ... ok
test test_all_encodings_produce_valid_instances ... ok
test test_graph_coloring_triangle_2_colors ... ok
test test_solver_handles_large_instance ... ok
test test_nqueens_verify_valid ... ok
test test_sudoku_encoding_size ... ok
test test_sudoku_solve_easy_puzzle ... ok
test test_nqueens_solve_4 ... ok
test test_graph_coloring_petersen_3_colors ... ok
test test_nqueens_solve_8 ... ok

test result: ok. 30 passed; 0 failed; 0 ignored; 0 measured; 0 filtered out; finished in 0.29s

     Running benches/solver_bench.rs (target/release/deps/solver_bench-dfb74520515ead2c)
Gnuplot not found, using plotters backend
Testing solve_easy/vars/10
Success
Testing solve_easy/vars/50
Success
Testing solve_easy/vars/100
Success
Testing solve_easy/vars/500
Success
Testing solve_easy/vars/1000
Success

Testing solve_implication_chain/vars/10
Success
Testing solve_implication_chain/vars/50
Success
Testing solve_implication_chain/vars/100
Success
Testing solve_implication_chain/vars/500
Success

Testing solve_random_3sat/vars/20
Success
Testing solve_random_3sat/vars/50
Success
Testing solve_random_3sat/vars/100
Success
Testing solve_random_3sat/vars/200
Success

Testing solve_hard/vars/10
Success
Testing solve_hard/vars/20
Success
Testing solve_hard/vars/50
Success

Testing gradient_computation/clauses/200
Success
Testing gradient_computation/clauses/400
Success
Testing gradient_computation/clauses/2000
Success
Testing gradient_computation/clauses/4000
Success

Testing state_creation/vars/100
Success
Testing state_creation/vars/1000
Success
Testing state_creation/vars/10000
Success
Testing state_creation/vars/100000
Success

Testing state_discretize/vars/100
Success
Testing state_discretize/vars/1000
Success
Testing state_discretize/vars/10000
Success
Testing state_discretize/vars/100000
Success

Testing state_operations/reset_velocities/1000
Success
Testing state_operations/clear_gradients/1000
Success
Testing state_operations/reset_velocities/10000
Success
Testing state_operations/clear_gradients/10000
Success

Testing instance_satisfaction/is_satisfied/400
Success
Testing instance_satisfaction/count_satisfied/400
Success
Testing instance_satisfaction/is_satisfied/2000
Success
Testing instance_satisfaction/count_satisfied/2000
Success
Testing instance_satisfaction/is_satisfied/4000
Success
Testing instance_satisfaction/count_satisfied/4000
Success

Testing clause_evaluation/is_satisfied/2
Success
Testing clause_evaluation/count_satisfied/2
Success
Testing clause_evaluation/is_satisfied/3
Success
Testing clause_evaluation/count_satisfied/3
Success
Testing clause_evaluation/is_satisfied/5
Success
Testing clause_evaluation/count_satisfied/5
Success
Testing clause_evaluation/is_satisfied/10
Success
Testing clause_evaluation/count_satisfied/10
Success

Testing literal_operations/eval_batch
Success
Testing literal_operations/to_packed_batch
Success
Testing literal_operations/from_packed_batch
Success
Testing literal_operations/to_dimacs_batch
Success

     Running unittests examples/real_world.rs (target/release/examples/real_world-a3401c1574d1c27c)

running 0 tests

test result: ok. 0 passed; 0 failed; 0 ignored; 0 measured; 0 filtered out; finished in 0.00s

     Running unittests src/lib.rs (target/release/deps/xlog_stats-8be0712b137ae3b0)

running 55 tests
test manager::tests::test_canonical_join_key ... ok
test manager::tests::test_stats_manager_clear ... ok
test manager::tests::test_stats_manager_cold_relations ... ok
test manager::tests::test_stats_manager_decay_all_heat ... ok
test manager::tests::test_stats_manager_add_column_stats ... ok
test manager::tests::test_stats_manager_default ... ok
test manager::tests::test_stats_manager_estimate_join_minimum_one ... ok
test manager::tests::test_stats_manager_estimate_join ... ok
test manager::tests::test_stats_manager_estimate_join_with_column_stats ... ok
test manager::tests::test_stats_manager_get_relation_stats_mut ... ok
test manager::tests::test_stats_manager_hot_relations ... ok
test manager::tests::test_stats_manager_estimate_join_unregistered ... ok
test manager::tests::test_stats_manager_record_access ... ok
test manager::tests::test_stats_manager_join_estimate_uses_cached_selectivity ... ok
test manager::tests::test_stats_manager_new ... ok
test manager::tests::test_stats_manager_record_access_multiple ... ok
test manager::tests::test_stats_manager_record_join_result ... ok
test manager::tests::test_stats_manager_record_join_result_canonical_order ... ok
test manager::tests::test_stats_manager_record_join_result_ema_update ... ok
test manager::tests::test_stats_manager_register_multiple_relations ... ok
test manager::tests::test_stats_manager_register_relation ... ok
test manager::tests::test_stats_manager_register_relation_idempotent ... ok
test manager::tests::test_stats_manager_relation_ids ... ok
test manager::tests::test_stats_manager_set_join_selectivity_canonicalizes_keys ... ok
test manager::tests::test_stats_manager_unregister_removes_join_selectivities ... ok
test manager::tests::test_stats_manager_update_cardinality_unregistered ... ok
test stats::tests::test_all_scalar_types_column_stats ... ok
test stats::tests::test_column_stats_new ... ok
test stats::tests::test_column_stats_range_selectivity ... ok
test stats::tests::test_column_stats_update_null_count ... ok
test manager::tests::test_stats_manager_snapshot_and_merge ... ok
test stats::tests::test_column_stats_update_distinct ... ok
test stats::tests::test_column_stats_update_avg_width ... ok
test stats::tests::test_column_stats_update_range ... ok
test stats::tests::test_column_stats_value_size ... ok
test stats::tests::test_join_selectivity_estimate_from_stats ... ok
test stats::tests::test_join_selectivity_estimate_output_rows ... ok
test stats::tests::test_join_selectivity_new ... ok
test stats::tests::test_join_selectivity_pk_fk ... ok
test manager::tests::test_stats_manager_total_cardinality ... ok
test stats::tests::test_join_selectivity_set_keys ... ok
test stats::tests::test_join_selectivity_set_selectivity ... ok
test manager::tests::test_stats_manager_total_byte_size ... ok
test manager::tests::test_stats_manager_update_byte_size ... ok
test manager::tests::test_stats_manager_update_cardinality ... ok
test stats::tests::test_join_selectivity_update_from_observation ... ok
test stats::tests::test_column_stats_equality_selectivity ... ok
test stats::tests::test_relation_stats_decay_heat ... ok
test stats::tests::test_relation_stats_estimate_selectivity ... ok
test manager::tests::test_stats_manager_unregister_relation ... ok
test stats::tests::test_relation_stats_column_management ... ok
test stats::tests::test_relation_stats_new ... ok
test stats::tests::test_relation_stats_update_cardinality ... ok
test stats::tests::test_relation_stats_update_heat ... ok
test stats::tests::test_relation_stats_update_byte_size ... ok

test result: ok. 55 passed; 0 failed; 0 ignored; 0 measured; 0 filtered out; finished in 0.00s

     Running benches/stats_bench.rs (target/release/deps/stats_bench-7012677cfab9312c)
Gnuplot not found, using plotters backend
Testing register_relation/relations/10
Success
Testing register_relation/relations/100
Success
Testing register_relation/relations/1000
Success

Testing register_relation_idempotent/existing/100
Success
Testing register_relation_idempotent/existing/1000
Success

Testing unregister_relation/relations/100
Success
Testing unregister_relation/relations/500
Success

Testing update_cardinality/relations/100
Success
Testing update_cardinality/relations/1000
Success

Testing update_byte_size/relations/100
Success
Testing update_byte_size/relations/1000
Success

Testing estimate_join_cardinality_no_cache/pairs/45
Success
Testing estimate_join_cardinality_no_cache/pairs/1225
Success
Testing estimate_join_cardinality_no_cache/pairs/4950
Success

Testing estimate_join_cardinality_with_cache/pairs/45
Success
Testing estimate_join_cardinality_with_cache/pairs/1225
Success
Testing estimate_join_cardinality_with_cache/pairs/4950
Success

Testing estimate_join_with_column_stats/pairs/45
Success
Testing estimate_join_with_column_stats/pairs/1225
Success

Testing record_join_result/joins/100
Success
Testing record_join_result/joins/500
Success
Testing record_join_result/joins/1000
Success

Testing record_access/relations/100
Success
Testing record_access/relations/1000
Success

Testing decay_all_heat/relations/100
Success
Testing decay_all_heat/relations/1000
Success
Testing decay_all_heat/relations/10000
Success

Testing hot_relations/relations/100
Success
Testing hot_relations/relations/1000
Success
Testing hot_relations/relations/10000
Success

Testing cold_relations/relations/100
Success
Testing cold_relations/relations/1000
Success
Testing cold_relations/relations/10000
Success

Testing relation_stats_creation/new
Success

Testing relation_stats_operations/update_cardinality
Success
Testing relation_stats_operations/update_byte_size
Success
Testing relation_stats_operations/record_access
Success
Testing relation_stats_operations/decay_heat
Success
Testing relation_stats_operations/estimate_selectivity
Success

Testing relation_stats_column_operations/get_column/5
Success
Testing relation_stats_column_operations/add_column/5
Success
Testing relation_stats_column_operations/get_column/20
Success
Testing relation_stats_column_operations/add_column/20
Success
Testing relation_stats_column_operations/get_column/100
Success
Testing relation_stats_column_operations/add_column/100
Success

Testing column_stats_creation/type/U32
Success
Testing column_stats_creation/type/U64
Success
Testing column_stats_creation/type/I32
Success
Testing column_stats_creation/type/I64
Success
Testing column_stats_creation/type/F32
Success
Testing column_stats_creation/type/F64
Success
Testing column_stats_creation/type/Bool
Success
Testing column_stats_creation/type/Symbol
Success

Testing column_stats_selectivity/equality_selectivity
Success
Testing column_stats_selectivity/range_selectivity
Success
Testing column_stats_selectivity/value_size_bytes
Success

Testing join_selectivity_creation/new
Success

Testing join_selectivity_operations/set_keys
Success
Testing join_selectivity_operations/set_selectivity
Success
Testing join_selectivity_operations/estimate_output_rows
Success
Testing join_selectivity_operations/estimate_output_rows_pk_fk
Success
Testing join_selectivity_operations/estimate_selectivity_from_stats
Success
Testing join_selectivity_operations/update_from_observation
Success

Testing aggregate_stats/total_byte_size/100
Success
Testing aggregate_stats/total_cardinality/100
Success
Testing aggregate_stats/relation_count/100
Success
Testing aggregate_stats/relation_ids/100
Success
Testing aggregate_stats/total_byte_size/1000
Success
Testing aggregate_stats/total_cardinality/1000
Success
Testing aggregate_stats/relation_count/1000
Success
Testing aggregate_stats/relation_ids/1000
Success
Testing aggregate_stats/total_byte_size/10000
Success
Testing aggregate_stats/total_cardinality/10000
Success
Testing aggregate_stats/relation_count/10000
Success
Testing aggregate_stats/relation_ids/10000
Success

