============================= test session starts ==============================
platform linux -- Python 3.10.12, pytest-9.0.2, pluggy-1.6.0 -- /home/dev/projects/xlog/.venv/bin/python
cachedir: .pytest_cache
benchmark: 5.2.3 (defaults: timer=time.perf_counter disable_gc=False min_rounds=5 min_time=0.000005 max_time=1.0 calibration_precision=10 warmup=False warmup_iterations=100000)
rootdir: /home/dev/projects/xlog
configfile: pytest.ini
plugins: anyio-4.12.1, libtmux-0.53.0, asyncio-1.3.0, cov-7.0.0, timeout-2.4.0, benchmark-5.2.3, dotenv-0.5.2, langsmith-0.7.1
asyncio: mode=strict, debug=False, asyncio_default_fixture_loop_scope=None, asyncio_default_test_loop_scope=function
timeout: 120.0s
timeout method: signal
timeout func_only: False
collecting ... collected 311 items / 45 deselected / 266 selected

python/tests/test_arrow_device_import.py::test_arrow_device_import_roundtrip SKIPPED [  0%]
python/tests/test_backward.py::TestZeroGrad::test_zero_grad_clears_gradients PASSED [  0%]
python/tests/test_backward.py::TestZeroGrad::test_zero_grad_multiple_networks PASSED [  1%]
python/tests/test_backward.py::TestOptimizerStep::test_optimizer_step_updates_parameters PASSED [  1%]
python/tests/test_backward.py::TestOptimizerStep::test_optimizer_step_multiple_networks PASSED [  1%]
python/tests/test_backward.py::TestForwardBackward::test_forward_backward_returns_loss PASSED [  2%]
python/tests/test_backward.py::TestForwardBackward::test_forward_backward_produces_gradients PASSED [  2%]
python/tests/test_backward.py::TestForwardBackward::test_forward_backward_different_labels PASSED [  3%]
python/tests/test_backward.py::TestTrainingStep::test_complete_training_step PASSED [  3%]
python/tests/test_backward.py::TestTrainingStep::test_multiple_training_steps_reduce_loss PASSED [  3%]
python/tests/test_backward.py::TestSchedulerStep::test_scheduler_step PASSED [  4%]
python/tests/test_batch_eval.py::TestBatchedEvaluation::test_register_network_for_batching PASSED [  4%]
python/tests/test_batch_eval.py::TestBatchedEvaluation::test_register_network_batching_disabled PASSED [  4%]
python/tests/test_batch_eval.py::TestBatchedEvaluation::test_multiple_networks_batched PASSED [  5%]
python/tests/test_batch_eval.py::TestBatchingConfiguration::test_batch_with_top_k PASSED [  5%]
python/tests/test_batch_eval.py::TestBatchingConfiguration::test_batch_deterministic_mode PASSED [  6%]
python/tests/test_batch_eval.py::TestBatchingConfiguration::test_batch_with_cache PASSED [  6%]
python/tests/test_batch_eval.py::TestBatchedProgramStructure::test_addition_program_structure PASSED [  6%]
python/tests/test_batch_eval.py::TestBatchedProgramStructure::test_multi_digit_program PASSED [  7%]
python/tests/test_batch_eval.py::TestBatchedProgramStructure::test_sequence_labeling_structure PASSED [  7%]
python/tests/test_batched_forward.py::test_complex_query_batches_forward_calls PASSED [  7%]
python/tests/test_circuit_cache.py::TestCircuitCache::test_cache_hit_same_structure PASSED [  8%]
python/tests/test_circuit_cache.py::TestCircuitCache::test_multiple_cache_hits PASSED [  8%]
python/tests/test_circuit_cache.py::TestCircuitCache::test_correctness_cached_vs_fresh PASSED [  9%]
python/tests/test_circuit_cache.py::TestCachePerformance::test_training_loop_speedup PASSED [  9%]
python/tests/test_coins.py::test_coins_compile_and_register PASSED       [  9%]
python/tests/test_coins.py::test_coins_forward_backward_expected_true PASSED [ 10%]
python/tests/test_coins.py::test_coins_forward_backward_expected_false PASSED [ 10%]
python/tests/test_coins.py::test_coins_training_reduces_loss PASSED      [ 10%]
python/tests/test_coins.py::test_coins_cache_reuse PASSED                [ 11%]
python/tests/test_coins.py::test_coins_batching_per_network PASSED       [ 11%]
python/tests/test_coins.py::test_coins_direct_query_with_constant PASSED [ 12%]
python/tests/test_dataset_manifest.py::test_manifest_parse_and_roundtrip PASSED [ 12%]
python/tests/test_dataset_manifest.py::test_verify_sha256 PASSED         [ 12%]
python/tests/test_dataset_manifest.py::test_download_file_local PASSED   [ 13%]
python/tests/test_example_02_coins.py::test_coins_ci_mode PASSED         [ 13%]
python/tests/test_example_03_mnist_multidigit.py::test_mnist_multidigit_ci_mode PASSED [ 13%]
python/tests/test_example_04_hwf.py::test_hwf_ci_mode PASSED             [ 14%]
python/tests/test_example_05_poker.py::test_poker_ci_mode PASSED         [ 14%]
python/tests/test_example_05_poker_filename_parsing.py::test_parse_card_atoms_accepts_plain_and_suffixed_names PASSED [ 15%]
python/tests/test_example_05_poker_filename_parsing.py::test_pick_epoch_indices_caps_and_is_deterministic PASSED [ 15%]
python/tests/test_example_05_poker_filename_parsing.py::test_build_training_queries_can_upweight_rank_signal PASSED [ 15%]
python/tests/test_example_05_poker_model_focus.py::test_card_net_supports_focus_mode_and_output_shape PASSED [ 16%]
python/tests/test_example_06_clutrr.py::test_clutrr_ci_mode PASSED       [ 16%]
python/tests/test_gpu_native_forward_backward_returns_tensor.py::test_forward_backward_addition_returns_cuda_tensor_loss PASSED [ 16%]
python/tests/test_ilp.py::test_ilp_compile_and_schema PASSED             [ 17%]
python/tests/test_ilp.py::test_ilp_set_mask_and_evaluate PASSED          [ 17%]
python/tests/test_ilp.py::test_ilp_gradient_flow PASSED                  [ 18%]
python/tests/test_ilp.py::test_ilp_missed_positive_penalty PASSED        [ 18%]
python/tests/test_ilp.py::test_ilp_temperature_annealing PASSED          [ 18%]
python/tests/test_ilp.py::test_ilp_predecessor_benchmark_smoke PASSED    [ 19%]
python/tests/test_ilp.py::test_ilp_commit_rule PASSED                    [ 19%]
python/tests/test_ilp.py::test_ilp_schema_size_mismatch_rejected PASSED  [ 19%]
python/tests/test_ilp.py::test_ilp_projected_credit_path PASSED          [ 20%]
python/tests/test_ilp_artifact.py::test_save_load_roundtrip PASSED       [ 20%]
python/tests/test_ilp_artifact.py::test_save_produces_valid_json PASSED  [ 21%]
python/tests/test_ilp_artifact.py::test_load_rejects_incompatible_hash PASSED [ 21%]
python/tests/test_ilp_artifact.py::test_config_snapshot_roundtrip PASSED [ 21%]
python/tests/test_ilp_backend.py::test_sparse_backend_converges PASSED   [ 22%]
python/tests/test_ilp_backend.py::test_dense_backend_still_works PASSED  [ 22%]
python/tests/test_ilp_backend.py::test_sparse_and_dense_find_same_rule PASSED [ 22%]
python/tests/test_ilp_candidates.py::test_valid_candidates_returns_candidates PASSED [ 23%]
python/tests/test_ilp_candidates.py::test_valid_candidates_deterministic_ids PASSED [ 23%]
python/tests/test_ilp_candidates.py::test_valid_candidates_prunes_template_plus_template PASSED [ 24%]
python/tests/test_ilp_candidates.py::test_valid_candidates_head_is_target PASSED [ 24%]
python/tests/test_ilp_candidates.py::test_valid_candidates_nonrecursive_prunes_head_in_body PASSED [ 24%]
python/tests/test_ilp_candidates.py::test_valid_candidates_ids_contiguous PASSED [ 25%]
python/tests/test_ilp_candidates.py::test_max_active_rules_configurable PASSED [ 25%]
python/tests/test_ilp_candidates.py::test_max_active_rules_default_is_32 PASSED [ 25%]
python/tests/test_ilp_candidates.py::test_max_active_rules_rejects_out_of_range PASSED [ 26%]
python/tests/test_ilp_d2h_gate.py::test_d2h_counter_accessible PASSED    [ 26%]
python/tests/test_ilp_d2h_gate.py::test_d2h_counter_reset PASSED         [ 27%]
python/tests/test_ilp_d2h_gate.py::test_batch_fact_membership_basic PASSED [ 27%]
python/tests/test_ilp_d2h_gate.py::test_batch_fact_membership_empty_facts PASSED [ 27%]
python/tests/test_ilp_d2h_gate.py::test_batch_fact_membership_no_d2h_columns PASSED [ 28%]
python/tests/test_ilp_d2h_gate.py::test_batch_tagged_credit_basic PASSED [ 28%]
python/tests/test_ilp_d2h_gate.py::test_batch_tagged_credit_no_d2h_columns PASSED [ 28%]
python/tests/test_ilp_d2h_gate.py::test_zero_d2h_in_training_step_loop PASSED [ 29%]
python/tests/test_ilp_d2h_gate.py::test_full_training_zero_d2h_gate PASSED [ 29%]
python/tests/test_ilp_d2h_gate.py::test_d2h_gate_with_negatives PASSED   [ 30%]
python/tests/test_ilp_d2h_gate.py::test_host_transfer_stats_methods_accessible PASSED [ 30%]
python/tests/test_ilp_entropy.py::test_normalized_entropy_uniform PASSED [ 30%]
python/tests/test_ilp_entropy.py::test_normalized_entropy_one_hot PASSED [ 31%]
python/tests/test_ilp_entropy.py::test_normalized_entropy_gradient_flows PASSED [ 31%]
python/tests/test_ilp_entropy.py::test_normalized_entropy_singleton_returns_zero PASSED [ 31%]
python/tests/test_ilp_entropy.py::test_entropy_weight_decay PASSED       [ 32%]
python/tests/test_ilp_hard_negatives.py::test_sample_false_positives_exists PASSED [ 32%]
python/tests/test_ilp_hard_negatives.py::test_sample_false_positives_excludes_positives PASSED [ 33%]
python/tests/test_ilp_hard_negatives.py::test_sample_false_positives_bounded PASSED [ 33%]
python/tests/test_ilp_holdout.py::test_loo_holdout_f1_perfect PASSED     [ 33%]
python/tests/test_ilp_holdout.py::test_loo_singleton_skipped PASSED      [ 34%]
python/tests/test_ilp_holdout.py::test_promote_with_loo PASSED           [ 34%]
python/tests/test_ilp_holdout.py::test_ambiguity_scan_smoke PASSED       [ 34%]
python/tests/test_ilp_holdout.py::test_kfold_holdout_and_variance PASSED [ 35%]
python/tests/test_ilp_holdout.py::test_train_only_holdout_variance_in_result PASSED [ 35%]
python/tests/test_ilp_multistart.py::test_multistart_converges_with_distractors PASSED [ 36%]
python/tests/test_ilp_multistart.py::test_multistart_reports_attempt_count PASSED [ 36%]
python/tests/test_ilp_performance.py::test_forward_and_memory_telemetry_smoke PASSED [ 36%]
python/tests/test_ilp_performance.py::test_host_transfer_stats_tracks_sparse_mask_download PASSED [ 37%]
python/tests/test_ilp_promoter.py::test_promote_returns_promotion_result PASSED [ 37%]
python/tests/test_ilp_promoter.py::test_promote_with_holdout_can_promote PASSED [ 37%]
python/tests/test_ilp_promoter.py::test_promote_without_holdout_requires_review PASSED [ 38%]
python/tests/test_ilp_promoter.py::test_promote_gates_are_populated PASSED [ 38%]
python/tests/test_ilp_promoter.py::test_promote_not_converged PASSED     [ 39%]
python/tests/test_ilp_promoter.py::test_typed_schema_gate_passes_with_annotations PASSED [ 39%]
python/tests/test_ilp_promoter.py::test_typed_schema_gate_blocks_without_metadata PASSED [ 39%]
python/tests/test_ilp_promoter.py::test_typed_schema_gate_allows_manual_review_with_waiver PASSED [ 40%]
python/tests/test_ilp_promoter.py::test_holdout_f1_gate_fails_when_unavailable PASSED [ 40%]
python/tests/test_ilp_recursive.py::test_recursive_candidates_no_longer_raises PASSED [ 40%]
python/tests/test_ilp_recursive.py::test_recursive_candidates_has_more_candidates PASSED [ 41%]
python/tests/test_ilp_recursive.py::test_non_recursive_still_default PASSED [ 41%]
python/tests/test_ilp_recursive.py::test_recursive_reach_runs_without_crash PASSED [ 42%]
python/tests/test_ilp_robustness.py::test_empty_positives_raises_config_error PASSED [ 42%]
python/tests/test_ilp_robustness.py::test_contradictory_examples_raises_config_error PASSED [ 42%]
python/tests/test_ilp_robustness.py::test_recursive_candidates_accepted_in_beta PASSED [ 43%]
python/tests/test_ilp_robustness.py::test_all_distractors_returns_not_converged PASSED [ 43%]
python/tests/test_ilp_robustness.py::test_nan_inf_detection_raises_after_limit PASSED [ 43%]
python/tests/test_ilp_robustness.py::test_degenerate_candidate_raises_candidate_error PASSED [ 44%]
python/tests/test_ilp_robustness.py::test_cuda_oom_error_shape_and_context PASSED [ 44%]
python/tests/test_ilp_showcase.py::test_ilp_showcase_all_stages_converge PASSED [ 45%]
python/tests/test_ilp_sparse.py::test_sparse_mask_exists PASSED          [ 45%]
python/tests/test_ilp_sparse.py::test_sparse_derives_same_as_dense PASSED [ 45%]
python/tests/test_ilp_sparse.py::test_sparse_tagged_entries_match_dense PASSED [ 46%]
python/tests/test_ilp_sparse.py::test_sparse_validates_candidate_count PASSED [ 46%]
python/tests/test_ilp_sparse.py::test_sparse_validates_soft_length PASSED [ 46%]
python/tests/test_ilp_sparse.py::test_sparse_top_k_deterministic_tiebreak PASSED [ 47%]
python/tests/test_ilp_sparse.py::test_sparse_backend_respects_max_active_rules_budget PASSED [ 47%]
python/tests/test_ilp_sparse.py::test_sparse_selected_hard_maps_live_indices_back_to_original PASSED [ 48%]
python/tests/test_ilp_sparse_guard.py::test_sparse_backend_does_not_call_set_rule_mask PASSED [ 48%]
python/tests/test_ilp_sparse_guard.py::test_sparse_d2h_counter_clean_after_mask_setup PASSED [ 48%]
python/tests/test_ilp_temperature.py::test_initial_mode_is_cooling PASSED [ 49%]
python/tests/test_ilp_temperature.py::test_cooling_decreases_tau PASSED  [ 49%]
python/tests/test_ilp_temperature.py::test_tau_never_below_floor PASSED  [ 50%]
python/tests/test_ilp_temperature.py::test_plateau_holds_tau PASSED      [ 50%]
python/tests/test_ilp_temperature.py::test_trap_warms_up_tau PASSED      [ 50%]
python/tests/test_ilp_trainer.py::test_train_only_converges_on_reach PASSED [ 51%]
python/tests/test_ilp_trainer.py::test_train_only_returns_telemetry_level_1 PASSED [ 51%]
python/tests/test_ilp_trainer.py::test_train_only_forward_p95_telemetry_populated PASSED [ 51%]
python/tests/test_ilp_trainer.py::test_train_only_telemetry_step_timings_population PASSED [ 52%]
python/tests/test_ilp_trainer.py::test_train_only_empty_positives_raises PASSED [ 52%]
python/tests/test_ilp_trainer.py::test_train_only_contradictory_examples_raises PASSED [ 53%]
python/tests/test_ilp_trainer.py::test_train_only_precision_recall PASSED [ 53%]
python/tests/test_ilp_trainer.py::test_train_only_confidence_metrics PASSED [ 53%]
python/tests/test_ilp_trainer.py::test_train_only_global_step_limit PASSED [ 54%]
python/tests/test_ilp_trainer.py::test_train_only_nonconverged_has_partial_recall PASSED [ 54%]
python/tests/test_ilp_trainer.py::test_train_only_reproducibility_selected_hard_and_probs PASSED [ 54%]
python/tests/test_ilp_trainer.py::test_train_only_telemetry_entropy_not_zero PASSED [ 55%]
python/tests/test_ilp_trainer.py::test_train_only_rule_frequency_multi_attempt PASSED [ 55%]
python/tests/test_ilp_types.py::test_train_config_frozen PASSED          [ 56%]
python/tests/test_ilp_types.py::test_train_config_defaults PASSED        [ 56%]
python/tests/test_ilp_types.py::test_train_config_custom PASSED          [ 56%]
python/tests/test_ilp_types.py::test_promotion_status_values PASSED      [ 57%]
python/tests/test_ilp_types.py::test_train_result_defaults PASSED        [ 57%]
python/tests/test_ilp_types.py::test_ilp_config_error_is_value_error PASSED [ 57%]
python/tests/test_ilp_types.py::test_ilp_candidate_error_is_value_error PASSED [ 58%]
python/tests/test_ilp_types.py::test_ilp_training_error_has_context PASSED [ 58%]
python/tests/test_ilp_types.py::test_ilp_training_error_default_context PASSED [ 59%]
python/tests/test_label_mapping.py::test_label_resolution_uses_declared_labels PASSED [ 59%]
python/tests/test_loss.py::TestNLLLossBasic::test_nll_loss_single_query PASSED [ 59%]
python/tests/test_loss.py::TestNLLLossBasic::test_nll_loss_certain_fact PASSED [ 60%]
python/tests/test_loss.py::TestNLLLossBasic::test_nll_loss_low_probability PASSED [ 60%]
python/tests/test_loss.py::TestNLLLossBasic::test_nll_loss_impossible_query PASSED [ 60%]
python/tests/test_loss.py::TestNLLLossBatch::test_nll_loss_batch_sum PASSED [ 61%]
python/tests/test_loss.py::TestNLLLossBatch::test_nll_loss_batch_path_queries PASSED [ 61%]
python/tests/test_loss.py::TestNLLLossBatch::test_nll_loss_batch_empty PASSED [ 62%]
python/tests/test_loss.py::TestNLLLossBatch::test_nll_loss_batch_single PASSED [ 62%]
python/tests/test_loss.py::TestNLLLossWithRules::test_nll_loss_conjunction PASSED [ 62%]
python/tests/test_loss.py::TestNLLLossWithRules::test_nll_loss_disjunction PASSED [ 63%]
python/tests/test_loss.py::TestNLLLossWithRules::test_nll_loss_negation PASSED [ 63%]
python/tests/test_loss.py::TestNLLLossNeuralIntegration::test_nll_loss_with_neural_predicate_declared PASSED [ 63%]
python/tests/test_loss.py::TestNLLLossMean::test_nll_loss_mean PASSED    [ 64%]
python/tests/test_loss.py::TestNLLLossMean::test_nll_loss_mean_empty_raises PASSED [ 64%]
python/tests/test_loss.py::TestNLLLossGradient::test_nll_loss_tensor_output PASSED [ 65%]
python/tests/test_loss.py::TestNLLLossGradient::test_nll_loss_batch_tensor PASSED [ 65%]
python/tests/test_mc_device_results.py::test_mc_device_results_returns_dlpack_counts PASSED [ 65%]
python/tests/test_minimal_example.py::TestMinimalExample::test_create_program PASSED [ 66%]
python/tests/test_minimal_example.py::TestMinimalExample::test_mnist_net_architecture PASSED [ 66%]
python/tests/test_minimal_example.py::TestMinimalExample::test_generate_queries PASSED [ 66%]
python/tests/test_minimal_example.py::TestMinimalExample::test_generate_queries_with_labels PASSED [ 67%]
python/tests/test_minimal_example.py::TestMinimalExample::test_minimal_example_trains PASSED [ 67%]
python/tests/test_minimal_example.py::TestMinimalExample::test_train_model_integration PASSED [ 68%]
python/tests/test_minimal_example.py::TestAdditionQueryTraining::test_addition_query_forward_backward PASSED [ 68%]
python/tests/test_minimal_example.py::TestAdditionQueryTraining::test_addition_query_trains PASSED [ 68%]
python/tests/test_minimal_example.py::TestAdditionQueryTraining::test_addition_query_probability PASSED [ 69%]
python/tests/test_minimal_example.py::TestDigitPredicate::test_digit_predicate_registered PASSED [ 69%]
python/tests/test_minimal_example.py::TestDigitPredicate::test_forward_backward_on_digit PASSED [ 69%]
python/tests/test_minimal_example_fast_training.py::test_addition_sum_distribution_one_hot_pairs PASSED [ 70%]
python/tests/test_minimal_example_fast_training.py::test_addition_nll_loss_near_zero_for_perfect_sum_prediction PASSED [ 70%]
python/tests/test_minimal_example_fast_training.py::test_sample_addition_pairs_returns_requested_count_and_bounds PASSED [ 71%]
python/tests/test_minimal_example_summary.py::test_compute_improvement_percent_single_epoch_returns_none PASSED [ 71%]
python/tests/test_minimal_example_summary.py::test_compute_improvement_percent_two_epochs_returns_percent PASSED [ 71%]
python/tests/test_multi_network.py::test_direct_query_uses_correct_network PASSED [ 72%]
python/tests/test_negation.py::TestStratifiedNegation::test_simple_negation PASSED [ 72%]
python/tests/test_negation.py::TestStratifiedNegation::test_multi_layer_stratified PASSED [ 72%]
python/tests/test_negation.py::TestStratifiedNegation::test_negation_with_conjunction PASSED [ 73%]
python/tests/test_negation.py::TestStratifiedNegation::test_negation_with_multiple_rules PASSED [ 73%]
python/tests/test_negation.py::TestStratifiedNegation::test_negation_of_derived_predicate PASSED [ 74%]
python/tests/test_negation.py::TestStratifiedNegation::test_negation_closed_world_assumption PASSED [ 74%]
python/tests/test_negation.py::TestMCComparison::test_mc_probability_match_simple PASSED [ 74%]
python/tests/test_negation.py::TestMCComparison::test_mc_probability_match_conjunction PASSED [ 75%]
python/tests/test_negation.py::TestNegationGradients::test_negation_gradient_returns PASSED [ 75%]
python/tests/test_negation.py::TestNegationGradients::test_negation_gradient_values PASSED [ 75%]
python/tests/test_negation.py::TestNegationEdgeCases::test_negation_with_zero_probability PASSED [ 76%]
python/tests/test_negation.py::TestNegationEdgeCases::test_negation_with_one_probability PASSED [ 76%]
python/tests/test_negation.py::TestNegationEdgeCases::test_double_negation PASSED [ 77%]
python/tests/test_negation.py::TestNegationEdgeCases::test_negation_multiple_queries PASSED [ 77%]
python/tests/test_network_registry.py::TestNetworkRegistration::test_register_network_basic PASSED [ 77%]
python/tests/test_network_registry.py::TestNetworkRegistration::test_register_network_with_scheduler PASSED [ 78%]
python/tests/test_network_registry.py::TestNetworkRegistration::test_register_network_deterministic PASSED [ 78%]
python/tests/test_network_registry.py::TestNetworkRegistration::test_register_network_undeclared_fails PASSED [ 78%]
python/tests/test_network_registry.py::TestNetworkRegistration::test_register_multiple_networks PASSED [ 79%]
python/tests/test_network_registry.py::TestNetworkRegistration::test_declared_network_names PASSED [ 79%]
python/tests/test_network_registry.py::TestNetworkRegistration::test_has_neural_predicate PASSED [ 80%]
python/tests/test_network_registry.py::TestNetworkRegistration::test_set_train_mode PASSED [ 80%]
python/tests/test_network_registry.py::TestNetworkRegistration::test_embedding_network PASSED [ 80%]
python/tests/test_network_registry.py::TestNetworkRegistrationEdgeCases::test_empty_program_no_networks PASSED [ 81%]
python/tests/test_network_registry.py::TestNetworkRegistrationEdgeCases::test_network_with_symbol_labels PASSED [ 81%]
python/tests/test_network_registry.py::TestNetworkRegistrationEdgeCases::test_network_with_multiple_inputs PASSED [ 81%]
python/tests/test_neural_accuracy_gates.py::test_examples_report_final_metric[examples/neural/02_coins/train.py-marker0] SKIPPED [ 82%]
python/tests/test_neural_accuracy_gates.py::test_examples_report_final_metric[examples/neural/03_mnist_multidigit/train.py-marker1] SKIPPED [ 82%]
python/tests/test_neural_accuracy_gates.py::test_examples_report_final_metric[examples/neural/04_hwf/train.py-marker2] SKIPPED [ 83%]
python/tests/test_neural_accuracy_gates.py::test_examples_report_final_metric[examples/neural/05_poker/train.py-marker3] SKIPPED [ 83%]
python/tests/test_neural_accuracy_gates.py::test_examples_report_final_metric[examples/neural/06_clutrr/train.py-marker4] SKIPPED [ 83%]
python/tests/test_neural_accuracy_gates.py::test_examples_fail_accuracy_gate_when_threshold_too_high[examples/neural/02_coins/train.py-marker0] SKIPPED [ 84%]
python/tests/test_neural_accuracy_gates.py::test_examples_fail_accuracy_gate_when_threshold_too_high[examples/neural/03_mnist_multidigit/train.py-marker1] SKIPPED [ 84%]
python/tests/test_neural_accuracy_gates.py::test_examples_fail_accuracy_gate_when_threshold_too_high[examples/neural/04_hwf/train.py-marker2] SKIPPED [ 84%]
python/tests/test_neural_accuracy_gates.py::test_examples_fail_accuracy_gate_when_threshold_too_high[examples/neural/05_poker/train.py-marker3] SKIPPED [ 85%]
python/tests/test_neural_accuracy_gates.py::test_examples_fail_accuracy_gate_when_threshold_too_high[examples/neural/06_clutrr/train.py-marker4] SKIPPED [ 85%]
python/tests/test_neural_registry.py::test_registry_resolves_network_and_labels PASSED [ 86%]
python/tests/test_tensor_source.py::TestTensorSourceBasics::test_add_tensor_source PASSED [ 86%]
python/tests/test_tensor_source.py::TestTensorSourceBasics::test_first_source_becomes_active PASSED [ 86%]
python/tests/test_tensor_source.py::TestTensorSourceBasics::test_multiple_tensor_sources PASSED [ 87%]
python/tests/test_tensor_source.py::TestTensorSourceBasics::test_set_active_tensor_source PASSED [ 87%]
python/tests/test_tensor_source.py::TestTensorSourceBasics::test_set_invalid_active_source_raises PASSED [ 87%]
python/tests/test_tensor_source.py::TestTensorSourceMetadata::test_active_tensor_source_size PASSED [ 88%]
python/tests/test_tensor_source.py::TestTensorSourceMetadata::test_tensor_source_size_with_switch PASSED [ 88%]
python/tests/test_tensor_source.py::TestTensorSourceMetadata::test_has_tensor_source PASSED [ 89%]
python/tests/test_tensor_source.py::TestTensorSourceShapes::test_1d_tensor PASSED [ 89%]
python/tests/test_tensor_source.py::TestTensorSourceShapes::test_2d_tensor_grayscale PASSED [ 89%]
python/tests/test_tensor_source.py::TestTensorSourceShapes::test_3d_tensor_rgb PASSED [ 90%]
python/tests/test_tensor_source.py::TestTensorSourceDtypes::test_float32_tensor PASSED [ 90%]
python/tests/test_tensor_source.py::TestTensorSourceDtypes::test_float64_tensor PASSED [ 90%]
python/tests/test_tensor_source.py::TestTensorSourceDtypes::test_int_tensor PASSED [ 91%]
python/tests/test_tensor_source.py::TestTensorSourceIntegration::test_mnist_addition_setup PASSED [ 91%]
python/tests/test_tensor_source.py::TestTensorSourceIntegration::test_sequence_labeling_setup PASSED [ 92%]
python/tests/test_tensor_source.py::TestTensorSourceIntegration::test_multi_network_different_sources PASSED [ 92%]
python/tests/test_train_model_tensor.py::TestTrainModelTensorParity::test_epoch_losses_match PASSED [ 92%]
python/tests/test_train_model_tensor.py::TestTrainModelTensorParity::test_batch_losses_match PASSED [ 93%]
python/tests/test_train_model_tensor.py::TestTrainModelTensorParity::test_tensor_path_reduces_loss PASSED [ 93%]
python/tests/test_train_model_tensor.py::TestItemCallCount::test_tensor_path_fewer_item_calls_than_scalar PASSED [ 93%]
python/tests/test_train_model_tensor.py::TestTensorTrainingCacheReuse::test_training_completes_with_addition_queries PASSED [ 94%]
python/tests/test_train_model_tensor.py::TestTensorTrainingCacheReuse::test_cache_cleared_forces_recompilation PASSED [ 94%]
python/tests/test_training.py::TestTrainEpoch::test_train_epoch_basic PASSED [ 95%]
python/tests/test_training.py::TestTrainEpoch::test_train_epoch_updates_parameters PASSED [ 95%]
python/tests/test_training.py::TestTrainEpoch::test_train_epoch_batch_size_larger_than_queries PASSED [ 95%]
python/tests/test_training.py::TestTrainEpoch::test_train_epoch_single_query PASSED [ 96%]
python/tests/test_training.py::TestTrainModel::test_train_model_basic PASSED [ 96%]
python/tests/test_training.py::TestTrainModel::test_train_model_reduces_loss PASSED [ 96%]
python/tests/test_training.py::TestTrainModel::test_train_model_shuffle PASSED [ 97%]
python/tests/test_training.py::TestEvaluateLoss::test_evaluate_loss_basic PASSED [ 97%]
python/tests/test_training.py::TestEvaluateLoss::test_evaluate_loss_consistent_with_nll_loss PASSED [ 98%]
python/tests/test_training.py::TestTrainingWithScheduler::test_train_with_scheduler PASSED [ 98%]
python/tests/test_training.py::TestTrainingMultipleNetworks::test_train_multiple_networks PASSED [ 98%]
python/tests/test_training.py::TestTrainingEdgeCases::test_train_empty_queries PASSED [ 99%]
python/tests/test_training.py::TestTrainingEdgeCases::test_train_different_labels PASSED [ 99%]
python/tests/test_validate_examples_cli.py::test_validate_examples_help PASSED [100%]

=============================== warnings summary ===============================
python/tests/test_backward.py::TestSchedulerStep::test_scheduler_step
  /home/dev/projects/xlog/python/tests/test_backward.py:277: UserWarning: Detected call of `lr_scheduler.step()` before `optimizer.step()`. In PyTorch 1.1.0 and later, you should call them in the opposite order: `optimizer.step()` before `lr_scheduler.step()`.  Failure to do this will result in PyTorch skipping the first value of the learning rate schedule. See more details at https://pytorch.org/docs/stable/optim.html#how-to-adjust-learning-rate
    program.scheduler_step()

-- Docs: https://docs.pytest.org/en/stable/how-to/capture-warnings.html
==== 255 passed, 11 skipped, 45 deselected, 1 warning in 732.03s (0:12:12) =====
