============================= test session starts ==============================
platform linux -- Python 3.10.12, pytest-9.0.2, pluggy-1.6.0 -- /home/dev/projects/xlog/.venv/bin/python
cachedir: .pytest_cache
benchmark: 5.2.3 (defaults: timer=time.perf_counter disable_gc=False min_rounds=5 min_time=0.000005 max_time=1.0 calibration_precision=10 warmup=False warmup_iterations=100000)
rootdir: /home/dev/projects/xlog
configfile: pytest.ini
plugins: anyio-4.12.1, libtmux-0.53.0, asyncio-1.3.0, cov-7.0.0, timeout-2.4.0, benchmark-5.2.3, dotenv-0.5.2, langsmith-0.7.1
asyncio: mode=strict, debug=False, asyncio_default_fixture_loop_scope=None, asyncio_default_test_loop_scope=function
timeout: 600.0s
timeout method: signal
timeout func_only: False
collecting ... collected 20 items

python/tests/test_ilp_reliability.py::test_alpha_reliability[reach-0] PASSED [  5%]
python/tests/test_ilp_reliability.py::test_alpha_reliability[reach-1] PASSED [ 10%]
python/tests/test_ilp_reliability.py::test_alpha_reliability[reach-2] PASSED [ 15%]
python/tests/test_ilp_reliability.py::test_alpha_reliability[reach-3] PASSED [ 20%]
python/tests/test_ilp_reliability.py::test_alpha_reliability[reach-4] PASSED [ 25%]
python/tests/test_ilp_reliability.py::test_alpha_reliability[grandparent-0] PASSED [ 30%]
python/tests/test_ilp_reliability.py::test_alpha_reliability[grandparent-1] PASSED [ 35%]
python/tests/test_ilp_reliability.py::test_alpha_reliability[grandparent-2] PASSED [ 40%]
python/tests/test_ilp_reliability.py::test_alpha_reliability[grandparent-3] PASSED [ 45%]
python/tests/test_ilp_reliability.py::test_alpha_reliability[grandparent-4] PASSED [ 50%]
python/tests/test_ilp_reliability.py::test_alpha_reliability[colleague-0] PASSED [ 55%]
python/tests/test_ilp_reliability.py::test_alpha_reliability[colleague-1] PASSED [ 60%]
python/tests/test_ilp_reliability.py::test_alpha_reliability[colleague-2] PASSED [ 65%]
python/tests/test_ilp_reliability.py::test_alpha_reliability[colleague-3] PASSED [ 70%]
python/tests/test_ilp_reliability.py::test_alpha_reliability[colleague-4] PASSED [ 75%]
python/tests/test_ilp_reliability.py::test_alpha_reliability[plus2-0] PASSED [ 80%]
python/tests/test_ilp_reliability.py::test_alpha_reliability[plus2-1] PASSED [ 85%]
python/tests/test_ilp_reliability.py::test_alpha_reliability[plus2-2] PASSED [ 90%]
python/tests/test_ilp_reliability.py::test_alpha_reliability[plus2-3] PASSED [ 95%]
python/tests/test_ilp_reliability.py::test_alpha_reliability[plus2-4] PASSED [100%]

======================== 20 passed in 849.64s (0:14:09) ========================
