============================= test session starts ==============================
platform linux -- Python 3.10.12, pytest-9.0.2, pluggy-1.6.0 -- /home/dev/projects/xlog/.venv/bin/python
cachedir: .pytest_cache
benchmark: 5.2.3 (defaults: timer=time.perf_counter disable_gc=False min_rounds=5 min_time=0.000005 max_time=1.0 calibration_precision=10 warmup=False warmup_iterations=100000)
rootdir: /home/dev/projects/xlog
configfile: pytest.ini
plugins: anyio-4.12.1, libtmux-0.53.0, asyncio-1.3.0, cov-7.0.0, timeout-2.4.0, benchmark-5.2.3, dotenv-0.5.2, langsmith-0.7.1
asyncio: mode=strict, debug=False, asyncio_default_fixture_loop_scope=None, asyncio_default_test_loop_scope=function
timeout: 120.0s
timeout method: signal
timeout func_only: False
collecting ... collected 8 items

python/tests/test_ilp_sparse.py::test_sparse_mask_exists PASSED          [ 12%]
python/tests/test_ilp_sparse.py::test_sparse_derives_same_as_dense PASSED [ 25%]
python/tests/test_ilp_sparse.py::test_sparse_tagged_entries_match_dense PASSED [ 37%]
python/tests/test_ilp_sparse.py::test_sparse_validates_candidate_count PASSED [ 50%]
python/tests/test_ilp_sparse.py::test_sparse_validates_soft_length PASSED [ 62%]
python/tests/test_ilp_sparse.py::test_sparse_top_k_deterministic_tiebreak PASSED [ 75%]
python/tests/test_ilp_sparse.py::test_sparse_backend_respects_max_active_rules_budget PASSED [ 87%]
python/tests/test_ilp_sparse.py::test_sparse_selected_hard_maps_live_indices_back_to_original PASSED [100%]

============================== 8 passed in 0.64s ===============================
