============================= test session starts ==============================
platform linux -- Python 3.10.12, pytest-9.0.2, pluggy-1.6.0 -- /home/dev/projects/xlog/.venv/bin/python
cachedir: .pytest_cache
benchmark: 5.2.3 (defaults: timer=time.perf_counter disable_gc=False min_rounds=5 min_time=0.000005 max_time=1.0 calibration_precision=10 warmup=False warmup_iterations=100000)
rootdir: /home/dev/projects/xlog
configfile: pytest.ini
plugins: anyio-4.12.1, libtmux-0.53.0, asyncio-1.3.0, cov-7.0.0, timeout-2.4.0, benchmark-5.2.3, dotenv-0.5.2, langsmith-0.7.1
asyncio: mode=strict, debug=False, asyncio_default_fixture_loop_scope=None, asyncio_default_test_loop_scope=function
timeout: 600.0s
timeout method: signal
timeout func_only: False
collecting ... collected 1 item

python/tests/test_ilp_ga_reliability.py::test_ga_reliability_50 FAILED   [100%]

=================================== FAILURES ===================================
____________________________ test_ga_reliability_50 ____________________________

    @pytest.mark.slow
    def test_ga_reliability_50():
        """Run 50 seeds across the 4-stage showcase and enforce CI lower bound."""
        seed_count = int(os.getenv("GA_RELIABILITY_SEEDS", "50"))
        seed_count = max(1, seed_count)
        runs = 0
        success = 0
        failures = []
        stage_stats = {
            "reach": {"success": 0, "total": 0},
            "grandparent": {"success": 0, "total": 0},
            "colleague": {"success": 0, "total": 0},
            "plus2": {"success": 0, "total": 0},
        }
    
        for seed in range(seed_count):
            for stage_name, source, positives, negatives, mask_name in STAGES:
                config = TrainConfig(
                    step_budget_per_attempt=150,
                    max_attempts=7,
                    tau_start=2.0,
                    tau_floor=0.05,
                    device=0,
                    memory_mb=512,
                    debug_dense_mask=False,
                    seed=seed,
                )
                runs += 1
                stage_stats[stage_name]["total"] += 1
    
                result = train_only(
                    source=source,
                    mask_name=mask_name,
                    positives=positives,
                    negatives=negatives,
                    config=config,
                    _compute_holdout=False,
                )
    
                if result.converged:
                    success += 1
                    stage_stats[stage_name]["success"] += 1
                else:
                    failures.append(
                        f"{stage_name}:seed={seed}: rule={result.discovered_rule!r}:"
                        f" attempts={result.attempt_count}, steps={result.total_steps}"
                    )
    
        ci_low = _clopper_p_lower(success, runs)
        rate = success / runs if runs else 0.0
    
        print("GA reliability summary:")
        print(f"  runs: {runs}")
        print(f"  success: {success}/{runs} ({rate:.4f})")
        print(f"  clopper_pearson_95_lower: {ci_low:.6f}")
        for stage_name in sorted(stage_stats):
            stat = stage_stats[stage_name]
            print(
                f"  stage={stage_name}: "
                f"{stat['success']}/{stat['total']} "
                f"({stat['success']/stat['total'] if stat['total'] else 0:.4f})"
            )
        if failures:
            print("FAILURES:\n" + "\n".join(failures[:10]))
    
>       assert ci_low >= 0.929, (
            f"GA reliability check failed: lower95={ci_low:.6f}, "
            f"success={success}/{runs}, failures={len(failures)}"
        )
E       AssertionError: GA reliability check failed: lower95=0.831567, success=20/20, failures=0
E       assert 0.8315665290169146 >= 0.929

python/tests/test_ilp_ga_reliability.py:93: AssertionError
----------------------------- Captured stdout call -----------------------------
GA reliability summary:
  runs: 20
  success: 20/20 (1.0000)
  clopper_pearson_95_lower: 0.831567
  stage=colleague: 5/5 (1.0000)
  stage=grandparent: 5/5 (1.0000)
  stage=plus2: 5/5 (1.0000)
  stage=reach: 5/5 (1.0000)
=========================== short test summary info ============================
FAILED python/tests/test_ilp_ga_reliability.py::test_ga_reliability_50 - Asse...
======================== 1 failed in 169.77s (0:02:49) =========================
